ARM GAS  C:\Users\adris\AppData\Local\Temp\ccJEeaOu.s 			page 1


   1              		.syntax unified
   2              		.cpu cortex-m0plus
   3              		.fpu softvfp
   4              		.eabi_attribute 20, 1
   5              		.eabi_attribute 21, 1
   6              		.eabi_attribute 23, 3
   7              		.eabi_attribute 24, 1
   8              		.eabi_attribute 25, 1
   9              		.eabi_attribute 26, 1
  10              		.eabi_attribute 30, 1
  11              		.eabi_attribute 34, 0
  12              		.eabi_attribute 18, 4
  13              		.thumb
  14              		.syntax unified
  15              		.file	"main_cm0p.c"
  16              		.text
  17              	.Ltext0:
  18              		.cfi_sections	.debug_frame
  19              		.section	.text.main,"ax",%progbits
  20              		.align	2
  21              		.global	main
  22              		.code	16
  23              		.thumb_func
  24              		.type	main, %function
  25              	main:
  26              	.LFB564:
  27              		.file 1 "main_cm0p.c"
   1:main_cm0p.c   **** /* ========================================
   2:main_cm0p.c   ****  *
   3:main_cm0p.c   ****  * Copyright YOUR COMPANY, THE YEAR
   4:main_cm0p.c   ****  * All Rights Reserved
   5:main_cm0p.c   ****  * UNPUBLISHED, LICENSED SOFTWARE.
   6:main_cm0p.c   ****  *
   7:main_cm0p.c   ****  * CONFIDENTIAL AND PROPRIETARY INFORMATION
   8:main_cm0p.c   ****  * WHICH IS THE PROPERTY OF your company.
   9:main_cm0p.c   ****  *
  10:main_cm0p.c   ****  * ========================================
  11:main_cm0p.c   **** */
  12:main_cm0p.c   **** #include "project.h"
  13:main_cm0p.c   **** 
  14:main_cm0p.c   **** int main(void)
  15:main_cm0p.c   **** {
  28              		.loc 1 15 0
  29              		.cfi_startproc
  30              		@ Volatile: function does not return.
  31              		@ args = 0, pretend = 0, frame = 0
  32              		@ frame_needed = 0, uses_anonymous_args = 0
  33 0000 10B5     		push	{r4, lr}
  34              		.cfi_def_cfa_offset 8
  35              		.cfi_offset 4, -8
  36              		.cfi_offset 14, -4
  37              	.LBB4:
  38              	.LBB5:
  39              		.file 2 "Generated_Source\\PSoC6\\pdl\\cmsis/include/cmsis_gcc.h"
   1:Generated_Source\PSoC6\pdl\cmsis/include/cmsis_gcc.h **** /**************************************************************************//**
   2:Generated_Source\PSoC6\pdl\cmsis/include/cmsis_gcc.h ****  * @file     cmsis_gcc.h
   3:Generated_Source\PSoC6\pdl\cmsis/include/cmsis_gcc.h ****  * @brief    CMSIS compiler GCC header file
ARM GAS  C:\Users\adris\AppData\Local\Temp\ccJEeaOu.s 			page 2


   4:Generated_Source\PSoC6\pdl\cmsis/include/cmsis_gcc.h ****  * @version  V5.0.3
   5:Generated_Source\PSoC6\pdl\cmsis/include/cmsis_gcc.h ****  * @date     16. January 2018
   6:Generated_Source\PSoC6\pdl\cmsis/include/cmsis_gcc.h ****  ******************************************************************************/
   7:Generated_Source\PSoC6\pdl\cmsis/include/cmsis_gcc.h **** /*
   8:Generated_Source\PSoC6\pdl\cmsis/include/cmsis_gcc.h ****  * Copyright (c) 2009-2017 ARM Limited. All rights reserved.
   9:Generated_Source\PSoC6\pdl\cmsis/include/cmsis_gcc.h ****  *
  10:Generated_Source\PSoC6\pdl\cmsis/include/cmsis_gcc.h ****  * SPDX-License-Identifier: Apache-2.0
  11:Generated_Source\PSoC6\pdl\cmsis/include/cmsis_gcc.h ****  *
  12:Generated_Source\PSoC6\pdl\cmsis/include/cmsis_gcc.h ****  * Licensed under the Apache License, Version 2.0 (the License); you may
  13:Generated_Source\PSoC6\pdl\cmsis/include/cmsis_gcc.h ****  * not use this file except in compliance with the License.
  14:Generated_Source\PSoC6\pdl\cmsis/include/cmsis_gcc.h ****  * You may obtain a copy of the License at
  15:Generated_Source\PSoC6\pdl\cmsis/include/cmsis_gcc.h ****  *
  16:Generated_Source\PSoC6\pdl\cmsis/include/cmsis_gcc.h ****  * www.apache.org/licenses/LICENSE-2.0
  17:Generated_Source\PSoC6\pdl\cmsis/include/cmsis_gcc.h ****  *
  18:Generated_Source\PSoC6\pdl\cmsis/include/cmsis_gcc.h ****  * Unless required by applicable law or agreed to in writing, software
  19:Generated_Source\PSoC6\pdl\cmsis/include/cmsis_gcc.h ****  * distributed under the License is distributed on an AS IS BASIS, WITHOUT
  20:Generated_Source\PSoC6\pdl\cmsis/include/cmsis_gcc.h ****  * WARRANTIES OR CONDITIONS OF ANY KIND, either express or implied.
  21:Generated_Source\PSoC6\pdl\cmsis/include/cmsis_gcc.h ****  * See the License for the specific language governing permissions and
  22:Generated_Source\PSoC6\pdl\cmsis/include/cmsis_gcc.h ****  * limitations under the License.
  23:Generated_Source\PSoC6\pdl\cmsis/include/cmsis_gcc.h ****  */
  24:Generated_Source\PSoC6\pdl\cmsis/include/cmsis_gcc.h **** 
  25:Generated_Source\PSoC6\pdl\cmsis/include/cmsis_gcc.h **** #ifndef __CMSIS_GCC_H
  26:Generated_Source\PSoC6\pdl\cmsis/include/cmsis_gcc.h **** #define __CMSIS_GCC_H
  27:Generated_Source\PSoC6\pdl\cmsis/include/cmsis_gcc.h **** 
  28:Generated_Source\PSoC6\pdl\cmsis/include/cmsis_gcc.h **** /* ignore some GCC warnings */
  29:Generated_Source\PSoC6\pdl\cmsis/include/cmsis_gcc.h **** #pragma GCC diagnostic push
  30:Generated_Source\PSoC6\pdl\cmsis/include/cmsis_gcc.h **** #pragma GCC diagnostic ignored "-Wsign-conversion"
  31:Generated_Source\PSoC6\pdl\cmsis/include/cmsis_gcc.h **** #pragma GCC diagnostic ignored "-Wconversion"
  32:Generated_Source\PSoC6\pdl\cmsis/include/cmsis_gcc.h **** #pragma GCC diagnostic ignored "-Wunused-parameter"
  33:Generated_Source\PSoC6\pdl\cmsis/include/cmsis_gcc.h **** 
  34:Generated_Source\PSoC6\pdl\cmsis/include/cmsis_gcc.h **** /* Fallback for __has_builtin */
  35:Generated_Source\PSoC6\pdl\cmsis/include/cmsis_gcc.h **** #ifndef __has_builtin
  36:Generated_Source\PSoC6\pdl\cmsis/include/cmsis_gcc.h ****   #define __has_builtin(x) (0)
  37:Generated_Source\PSoC6\pdl\cmsis/include/cmsis_gcc.h **** #endif
  38:Generated_Source\PSoC6\pdl\cmsis/include/cmsis_gcc.h **** 
  39:Generated_Source\PSoC6\pdl\cmsis/include/cmsis_gcc.h **** /* CMSIS compiler specific defines */
  40:Generated_Source\PSoC6\pdl\cmsis/include/cmsis_gcc.h **** #ifndef   __ASM
  41:Generated_Source\PSoC6\pdl\cmsis/include/cmsis_gcc.h ****   #define __ASM                                  __asm
  42:Generated_Source\PSoC6\pdl\cmsis/include/cmsis_gcc.h **** #endif
  43:Generated_Source\PSoC6\pdl\cmsis/include/cmsis_gcc.h **** #ifndef   __INLINE
  44:Generated_Source\PSoC6\pdl\cmsis/include/cmsis_gcc.h ****   #define __INLINE                               inline
  45:Generated_Source\PSoC6\pdl\cmsis/include/cmsis_gcc.h **** #endif
  46:Generated_Source\PSoC6\pdl\cmsis/include/cmsis_gcc.h **** #ifndef   __STATIC_INLINE
  47:Generated_Source\PSoC6\pdl\cmsis/include/cmsis_gcc.h ****   #define __STATIC_INLINE                        static inline
  48:Generated_Source\PSoC6\pdl\cmsis/include/cmsis_gcc.h **** #endif
  49:Generated_Source\PSoC6\pdl\cmsis/include/cmsis_gcc.h **** #ifndef   __STATIC_FORCEINLINE                 
  50:Generated_Source\PSoC6\pdl\cmsis/include/cmsis_gcc.h ****   #define __STATIC_FORCEINLINE                   __attribute__((always_inline)) static inline
  51:Generated_Source\PSoC6\pdl\cmsis/include/cmsis_gcc.h **** #endif                                           
  52:Generated_Source\PSoC6\pdl\cmsis/include/cmsis_gcc.h **** #ifndef   __NO_RETURN
  53:Generated_Source\PSoC6\pdl\cmsis/include/cmsis_gcc.h ****   #define __NO_RETURN                            __attribute__((__noreturn__))
  54:Generated_Source\PSoC6\pdl\cmsis/include/cmsis_gcc.h **** #endif
  55:Generated_Source\PSoC6\pdl\cmsis/include/cmsis_gcc.h **** #ifndef   __USED
  56:Generated_Source\PSoC6\pdl\cmsis/include/cmsis_gcc.h ****   #define __USED                                 __attribute__((used))
  57:Generated_Source\PSoC6\pdl\cmsis/include/cmsis_gcc.h **** #endif
  58:Generated_Source\PSoC6\pdl\cmsis/include/cmsis_gcc.h **** #ifndef   __WEAK
  59:Generated_Source\PSoC6\pdl\cmsis/include/cmsis_gcc.h ****   #define __WEAK                                 __attribute__((weak))
  60:Generated_Source\PSoC6\pdl\cmsis/include/cmsis_gcc.h **** #endif
ARM GAS  C:\Users\adris\AppData\Local\Temp\ccJEeaOu.s 			page 3


  61:Generated_Source\PSoC6\pdl\cmsis/include/cmsis_gcc.h **** #ifndef   __PACKED
  62:Generated_Source\PSoC6\pdl\cmsis/include/cmsis_gcc.h ****   #define __PACKED                               __attribute__((packed, aligned(1)))
  63:Generated_Source\PSoC6\pdl\cmsis/include/cmsis_gcc.h **** #endif
  64:Generated_Source\PSoC6\pdl\cmsis/include/cmsis_gcc.h **** #ifndef   __PACKED_STRUCT
  65:Generated_Source\PSoC6\pdl\cmsis/include/cmsis_gcc.h ****   #define __PACKED_STRUCT                        struct __attribute__((packed, aligned(1)))
  66:Generated_Source\PSoC6\pdl\cmsis/include/cmsis_gcc.h **** #endif
  67:Generated_Source\PSoC6\pdl\cmsis/include/cmsis_gcc.h **** #ifndef   __PACKED_UNION
  68:Generated_Source\PSoC6\pdl\cmsis/include/cmsis_gcc.h ****   #define __PACKED_UNION                         union __attribute__((packed, aligned(1)))
  69:Generated_Source\PSoC6\pdl\cmsis/include/cmsis_gcc.h **** #endif
  70:Generated_Source\PSoC6\pdl\cmsis/include/cmsis_gcc.h **** #ifndef   __UNALIGNED_UINT32        /* deprecated */
  71:Generated_Source\PSoC6\pdl\cmsis/include/cmsis_gcc.h ****   #pragma GCC diagnostic push
  72:Generated_Source\PSoC6\pdl\cmsis/include/cmsis_gcc.h ****   #pragma GCC diagnostic ignored "-Wpacked"
  73:Generated_Source\PSoC6\pdl\cmsis/include/cmsis_gcc.h ****   #pragma GCC diagnostic ignored "-Wattributes"
  74:Generated_Source\PSoC6\pdl\cmsis/include/cmsis_gcc.h ****   struct __attribute__((packed)) T_UINT32 { uint32_t v; };
  75:Generated_Source\PSoC6\pdl\cmsis/include/cmsis_gcc.h ****   #pragma GCC diagnostic pop
  76:Generated_Source\PSoC6\pdl\cmsis/include/cmsis_gcc.h ****   #define __UNALIGNED_UINT32(x)                  (((struct T_UINT32 *)(x))->v)
  77:Generated_Source\PSoC6\pdl\cmsis/include/cmsis_gcc.h **** #endif
  78:Generated_Source\PSoC6\pdl\cmsis/include/cmsis_gcc.h **** #ifndef   __UNALIGNED_UINT16_WRITE
  79:Generated_Source\PSoC6\pdl\cmsis/include/cmsis_gcc.h ****   #pragma GCC diagnostic push
  80:Generated_Source\PSoC6\pdl\cmsis/include/cmsis_gcc.h ****   #pragma GCC diagnostic ignored "-Wpacked"
  81:Generated_Source\PSoC6\pdl\cmsis/include/cmsis_gcc.h ****   #pragma GCC diagnostic ignored "-Wattributes"
  82:Generated_Source\PSoC6\pdl\cmsis/include/cmsis_gcc.h ****   __PACKED_STRUCT T_UINT16_WRITE { uint16_t v; };
  83:Generated_Source\PSoC6\pdl\cmsis/include/cmsis_gcc.h ****   #pragma GCC diagnostic pop
  84:Generated_Source\PSoC6\pdl\cmsis/include/cmsis_gcc.h ****   #define __UNALIGNED_UINT16_WRITE(addr, val)    (void)((((struct T_UINT16_WRITE *)(void *)(addr))-
  85:Generated_Source\PSoC6\pdl\cmsis/include/cmsis_gcc.h **** #endif
  86:Generated_Source\PSoC6\pdl\cmsis/include/cmsis_gcc.h **** #ifndef   __UNALIGNED_UINT16_READ
  87:Generated_Source\PSoC6\pdl\cmsis/include/cmsis_gcc.h ****   #pragma GCC diagnostic push
  88:Generated_Source\PSoC6\pdl\cmsis/include/cmsis_gcc.h ****   #pragma GCC diagnostic ignored "-Wpacked"
  89:Generated_Source\PSoC6\pdl\cmsis/include/cmsis_gcc.h ****   #pragma GCC diagnostic ignored "-Wattributes"
  90:Generated_Source\PSoC6\pdl\cmsis/include/cmsis_gcc.h ****   __PACKED_STRUCT T_UINT16_READ { uint16_t v; };
  91:Generated_Source\PSoC6\pdl\cmsis/include/cmsis_gcc.h ****   #pragma GCC diagnostic pop
  92:Generated_Source\PSoC6\pdl\cmsis/include/cmsis_gcc.h ****   #define __UNALIGNED_UINT16_READ(addr)          (((const struct T_UINT16_READ *)(const void *)(add
  93:Generated_Source\PSoC6\pdl\cmsis/include/cmsis_gcc.h **** #endif
  94:Generated_Source\PSoC6\pdl\cmsis/include/cmsis_gcc.h **** #ifndef   __UNALIGNED_UINT32_WRITE
  95:Generated_Source\PSoC6\pdl\cmsis/include/cmsis_gcc.h ****   #pragma GCC diagnostic push
  96:Generated_Source\PSoC6\pdl\cmsis/include/cmsis_gcc.h ****   #pragma GCC diagnostic ignored "-Wpacked"
  97:Generated_Source\PSoC6\pdl\cmsis/include/cmsis_gcc.h ****   #pragma GCC diagnostic ignored "-Wattributes"
  98:Generated_Source\PSoC6\pdl\cmsis/include/cmsis_gcc.h ****   __PACKED_STRUCT T_UINT32_WRITE { uint32_t v; };
  99:Generated_Source\PSoC6\pdl\cmsis/include/cmsis_gcc.h ****   #pragma GCC diagnostic pop
 100:Generated_Source\PSoC6\pdl\cmsis/include/cmsis_gcc.h ****   #define __UNALIGNED_UINT32_WRITE(addr, val)    (void)((((struct T_UINT32_WRITE *)(void *)(addr))-
 101:Generated_Source\PSoC6\pdl\cmsis/include/cmsis_gcc.h **** #endif
 102:Generated_Source\PSoC6\pdl\cmsis/include/cmsis_gcc.h **** #ifndef   __UNALIGNED_UINT32_READ
 103:Generated_Source\PSoC6\pdl\cmsis/include/cmsis_gcc.h ****   #pragma GCC diagnostic push
 104:Generated_Source\PSoC6\pdl\cmsis/include/cmsis_gcc.h ****   #pragma GCC diagnostic ignored "-Wpacked"
 105:Generated_Source\PSoC6\pdl\cmsis/include/cmsis_gcc.h ****   #pragma GCC diagnostic ignored "-Wattributes"
 106:Generated_Source\PSoC6\pdl\cmsis/include/cmsis_gcc.h ****   __PACKED_STRUCT T_UINT32_READ { uint32_t v; };
 107:Generated_Source\PSoC6\pdl\cmsis/include/cmsis_gcc.h ****   #pragma GCC diagnostic pop
 108:Generated_Source\PSoC6\pdl\cmsis/include/cmsis_gcc.h ****   #define __UNALIGNED_UINT32_READ(addr)          (((const struct T_UINT32_READ *)(const void *)(add
 109:Generated_Source\PSoC6\pdl\cmsis/include/cmsis_gcc.h **** #endif
 110:Generated_Source\PSoC6\pdl\cmsis/include/cmsis_gcc.h **** #ifndef   __ALIGNED
 111:Generated_Source\PSoC6\pdl\cmsis/include/cmsis_gcc.h ****   #define __ALIGNED(x)                           __attribute__((aligned(x)))
 112:Generated_Source\PSoC6\pdl\cmsis/include/cmsis_gcc.h **** #endif
 113:Generated_Source\PSoC6\pdl\cmsis/include/cmsis_gcc.h **** #ifndef   __RESTRICT
 114:Generated_Source\PSoC6\pdl\cmsis/include/cmsis_gcc.h ****   #define __RESTRICT                             __restrict
 115:Generated_Source\PSoC6\pdl\cmsis/include/cmsis_gcc.h **** #endif
 116:Generated_Source\PSoC6\pdl\cmsis/include/cmsis_gcc.h **** 
 117:Generated_Source\PSoC6\pdl\cmsis/include/cmsis_gcc.h **** 
ARM GAS  C:\Users\adris\AppData\Local\Temp\ccJEeaOu.s 			page 4


 118:Generated_Source\PSoC6\pdl\cmsis/include/cmsis_gcc.h **** /* ###########################  Core Function Access  ########################### */
 119:Generated_Source\PSoC6\pdl\cmsis/include/cmsis_gcc.h **** /** \ingroup  CMSIS_Core_FunctionInterface
 120:Generated_Source\PSoC6\pdl\cmsis/include/cmsis_gcc.h ****     \defgroup CMSIS_Core_RegAccFunctions CMSIS Core Register Access Functions
 121:Generated_Source\PSoC6\pdl\cmsis/include/cmsis_gcc.h ****   @{
 122:Generated_Source\PSoC6\pdl\cmsis/include/cmsis_gcc.h ****  */
 123:Generated_Source\PSoC6\pdl\cmsis/include/cmsis_gcc.h **** 
 124:Generated_Source\PSoC6\pdl\cmsis/include/cmsis_gcc.h **** /**
 125:Generated_Source\PSoC6\pdl\cmsis/include/cmsis_gcc.h ****   \brief   Enable IRQ Interrupts
 126:Generated_Source\PSoC6\pdl\cmsis/include/cmsis_gcc.h ****   \details Enables IRQ interrupts by clearing the I-bit in the CPSR.
 127:Generated_Source\PSoC6\pdl\cmsis/include/cmsis_gcc.h ****            Can only be executed in Privileged modes.
 128:Generated_Source\PSoC6\pdl\cmsis/include/cmsis_gcc.h ****  */
 129:Generated_Source\PSoC6\pdl\cmsis/include/cmsis_gcc.h **** __STATIC_FORCEINLINE void __enable_irq(void)
 130:Generated_Source\PSoC6\pdl\cmsis/include/cmsis_gcc.h **** {
 131:Generated_Source\PSoC6\pdl\cmsis/include/cmsis_gcc.h ****   __ASM volatile ("cpsie i" : : : "memory");
  40              		.loc 2 131 0
  41              		.syntax divided
  42              	@ 131 "Generated_Source\PSoC6\pdl\cmsis/include/cmsis_gcc.h" 1
  43 0002 62B6     		cpsie i
  44              	@ 0 "" 2
  45              		.thumb
  46              		.syntax unified
  47              	.LBE5:
  48              	.LBE4:
  16:main_cm0p.c   ****     __enable_irq(); /* Enable global interrupts. */
  17:main_cm0p.c   ****     /* Enable CM4.  CY_CORTEX_M4_APPL_ADDR must be updated if CM4 memory layout is changed. */
  18:main_cm0p.c   ****     Cy_SysEnableCM4(CY_CORTEX_M4_APPL_ADDR); 
  49              		.loc 1 18 0
  50 0004 0148     		ldr	r0, .L3
  51 0006 FFF7FEFF 		bl	Cy_SysEnableCM4
  52              	.LVL0:
  53              	.L2:
  54 000a FEE7     		b	.L2
  55              	.L4:
  56              		.align	2
  57              	.L3:
  58 000c 00000810 		.word	268959744
  59              		.cfi_endproc
  60              	.LFE564:
  61              		.size	main, .-main
  62              		.text
  63              	.Letext0:
  64              		.file 3 "c:\\program files (x86)\\cypress\\psoc creator\\4.4\\psoc creator\\import\\gnu\\arm\\5.4.
  65              		.file 4 "c:\\program files (x86)\\cypress\\psoc creator\\4.4\\psoc creator\\import\\gnu\\arm\\5.4.
  66              		.file 5 "Generated_Source\\PSoC6\\pdl\\drivers/peripheral/device/cy_device.h"
  67              		.file 6 "Generated_Source\\PSoC6\\pdl\\drivers/peripheral/scb/cy_scb_i2c.h"
  68              		.file 7 "Generated_Source\\PSoC6\\pdl\\drivers/peripheral/scb/cy_scb_uart.h"
  69              		.file 8 "Generated_Source\\PSoC6\\pdl\\drivers/peripheral/tcpwm/cy_tcpwm_counter.h"
  70              		.file 9 "Generated_Source\\PSoC6/UART_1.h"
  71              		.file 10 "Generated_Source\\PSoC6/Counter_1.h"
  72              		.file 11 "Generated_Source\\PSoC6/Counter_2.h"
  73              		.file 12 "Generated_Source\\PSoC6/Debouncer_CLK.h"
  74              		.file 13 "Generated_Source\\PSoC6/Counter_3.h"
  75              		.file 14 "Generated_Source\\PSoC6/I2C_1.h"
  76              		.file 15 "./system_psoc6.h"
  77              		.section	.debug_info,"",%progbits
  78              	.Ldebug_info0:
  79 0000 2C090000 		.4byte	0x92c
ARM GAS  C:\Users\adris\AppData\Local\Temp\ccJEeaOu.s 			page 5


  80 0004 0400     		.2byte	0x4
  81 0006 00000000 		.4byte	.Ldebug_abbrev0
  82 000a 04       		.byte	0x4
  83 000b 01       		.uleb128 0x1
  84 000c 93080000 		.4byte	.LASF182
  85 0010 0C       		.byte	0xc
  86 0011 85000000 		.4byte	.LASF183
  87 0015 C2000000 		.4byte	.LASF184
  88 0019 00000000 		.4byte	.Ldebug_ranges0+0
  89 001d 00000000 		.4byte	0
  90 0021 00000000 		.4byte	.Ldebug_line0
  91 0025 02       		.uleb128 0x2
  92 0026 02       		.byte	0x2
  93 0027 05       		.byte	0x5
  94 0028 A9070000 		.4byte	.LASF0
  95 002c 02       		.uleb128 0x2
  96 002d 01       		.byte	0x1
  97 002e 08       		.byte	0x8
  98 002f 72070000 		.4byte	.LASF1
  99 0033 02       		.uleb128 0x2
 100 0034 01       		.byte	0x1
 101 0035 06       		.byte	0x6
 102 0036 64090000 		.4byte	.LASF2
 103 003a 03       		.uleb128 0x3
 104 003b AC000000 		.4byte	.LASF3
 105 003f 03       		.byte	0x3
 106 0040 1D       		.byte	0x1d
 107 0041 2C000000 		.4byte	0x2c
 108 0045 03       		.uleb128 0x3
 109 0046 06040000 		.4byte	.LASF4
 110 004a 03       		.byte	0x3
 111 004b 29       		.byte	0x29
 112 004c 25000000 		.4byte	0x25
 113 0050 03       		.uleb128 0x3
 114 0051 70090000 		.4byte	.LASF5
 115 0055 03       		.byte	0x3
 116 0056 2B       		.byte	0x2b
 117 0057 5B000000 		.4byte	0x5b
 118 005b 02       		.uleb128 0x2
 119 005c 02       		.byte	0x2
 120 005d 07       		.byte	0x7
 121 005e E9090000 		.4byte	.LASF6
 122 0062 02       		.uleb128 0x2
 123 0063 04       		.byte	0x4
 124 0064 05       		.byte	0x5
 125 0065 0D030000 		.4byte	.LASF7
 126 0069 03       		.uleb128 0x3
 127 006a EB030000 		.4byte	.LASF8
 128 006e 03       		.byte	0x3
 129 006f 41       		.byte	0x41
 130 0070 74000000 		.4byte	0x74
 131 0074 02       		.uleb128 0x2
 132 0075 04       		.byte	0x4
 133 0076 07       		.byte	0x7
 134 0077 C6040000 		.4byte	.LASF9
 135 007b 02       		.uleb128 0x2
 136 007c 08       		.byte	0x8
ARM GAS  C:\Users\adris\AppData\Local\Temp\ccJEeaOu.s 			page 6


 137 007d 05       		.byte	0x5
 138 007e 54020000 		.4byte	.LASF10
 139 0082 02       		.uleb128 0x2
 140 0083 08       		.byte	0x8
 141 0084 07       		.byte	0x7
 142 0085 95010000 		.4byte	.LASF11
 143 0089 04       		.uleb128 0x4
 144 008a 04       		.byte	0x4
 145 008b 05       		.byte	0x5
 146 008c 696E7400 		.ascii	"int\000"
 147 0090 02       		.uleb128 0x2
 148 0091 04       		.byte	0x4
 149 0092 07       		.byte	0x7
 150 0093 69040000 		.4byte	.LASF12
 151 0097 03       		.uleb128 0x3
 152 0098 020B0000 		.4byte	.LASF13
 153 009c 04       		.byte	0x4
 154 009d 18       		.byte	0x18
 155 009e 3A000000 		.4byte	0x3a
 156 00a2 03       		.uleb128 0x3
 157 00a3 4C020000 		.4byte	.LASF14
 158 00a7 04       		.byte	0x4
 159 00a8 20       		.byte	0x20
 160 00a9 45000000 		.4byte	0x45
 161 00ad 03       		.uleb128 0x3
 162 00ae 87040000 		.4byte	.LASF15
 163 00b2 04       		.byte	0x4
 164 00b3 24       		.byte	0x24
 165 00b4 50000000 		.4byte	0x50
 166 00b8 03       		.uleb128 0x3
 167 00b9 71080000 		.4byte	.LASF16
 168 00bd 04       		.byte	0x4
 169 00be 30       		.byte	0x30
 170 00bf 69000000 		.4byte	0x69
 171 00c3 02       		.uleb128 0x2
 172 00c4 04       		.byte	0x4
 173 00c5 07       		.byte	0x7
 174 00c6 35060000 		.4byte	.LASF17
 175 00ca 05       		.uleb128 0x5
 176 00cb B8000000 		.4byte	0xb8
 177 00cf 02       		.uleb128 0x2
 178 00d0 08       		.byte	0x8
 179 00d1 04       		.byte	0x4
 180 00d2 2E090000 		.4byte	.LASF18
 181 00d6 06       		.uleb128 0x6
 182 00d7 B8       		.byte	0xb8
 183 00d8 05       		.byte	0x5
 184 00d9 34       		.byte	0x34
 185 00da E7040000 		.4byte	0x4e7
 186 00de 07       		.uleb128 0x7
 187 00df 6B010000 		.4byte	.LASF19
 188 00e3 05       		.byte	0x5
 189 00e4 37       		.byte	0x37
 190 00e5 B8000000 		.4byte	0xb8
 191 00e9 00       		.byte	0
 192 00ea 07       		.uleb128 0x7
 193 00eb 25080000 		.4byte	.LASF20
ARM GAS  C:\Users\adris\AppData\Local\Temp\ccJEeaOu.s 			page 7


 194 00ef 05       		.byte	0x5
 195 00f0 38       		.byte	0x38
 196 00f1 B8000000 		.4byte	0xb8
 197 00f5 04       		.byte	0x4
 198 00f6 07       		.uleb128 0x7
 199 00f7 4E030000 		.4byte	.LASF21
 200 00fb 05       		.byte	0x5
 201 00fc 39       		.byte	0x39
 202 00fd B8000000 		.4byte	0xb8
 203 0101 08       		.byte	0x8
 204 0102 07       		.uleb128 0x7
 205 0103 55070000 		.4byte	.LASF22
 206 0107 05       		.byte	0x5
 207 0108 3A       		.byte	0x3a
 208 0109 B8000000 		.4byte	0xb8
 209 010d 0C       		.byte	0xc
 210 010e 07       		.uleb128 0x7
 211 010f 95020000 		.4byte	.LASF23
 212 0113 05       		.byte	0x5
 213 0114 3B       		.byte	0x3b
 214 0115 B8000000 		.4byte	0xb8
 215 0119 10       		.byte	0x10
 216 011a 07       		.uleb128 0x7
 217 011b DF020000 		.4byte	.LASF24
 218 011f 05       		.byte	0x5
 219 0120 3C       		.byte	0x3c
 220 0121 B8000000 		.4byte	0xb8
 221 0125 14       		.byte	0x14
 222 0126 07       		.uleb128 0x7
 223 0127 25050000 		.4byte	.LASF25
 224 012b 05       		.byte	0x5
 225 012c 3D       		.byte	0x3d
 226 012d B8000000 		.4byte	0xb8
 227 0131 18       		.byte	0x18
 228 0132 07       		.uleb128 0x7
 229 0133 7C000000 		.4byte	.LASF26
 230 0137 05       		.byte	0x5
 231 0138 3E       		.byte	0x3e
 232 0139 B8000000 		.4byte	0xb8
 233 013d 1C       		.byte	0x1c
 234 013e 07       		.uleb128 0x7
 235 013f 810B0000 		.4byte	.LASF27
 236 0143 05       		.byte	0x5
 237 0144 3F       		.byte	0x3f
 238 0145 B8000000 		.4byte	0xb8
 239 0149 20       		.byte	0x20
 240 014a 07       		.uleb128 0x7
 241 014b C2060000 		.4byte	.LASF28
 242 014f 05       		.byte	0x5
 243 0150 40       		.byte	0x40
 244 0151 B8000000 		.4byte	0xb8
 245 0155 24       		.byte	0x24
 246 0156 07       		.uleb128 0x7
 247 0157 EB050000 		.4byte	.LASF29
 248 015b 05       		.byte	0x5
 249 015c 43       		.byte	0x43
 250 015d 97000000 		.4byte	0x97
ARM GAS  C:\Users\adris\AppData\Local\Temp\ccJEeaOu.s 			page 8


 251 0161 28       		.byte	0x28
 252 0162 07       		.uleb128 0x7
 253 0163 5F000000 		.4byte	.LASF30
 254 0167 05       		.byte	0x5
 255 0168 44       		.byte	0x44
 256 0169 97000000 		.4byte	0x97
 257 016d 29       		.byte	0x29
 258 016e 07       		.uleb128 0x7
 259 016f 770B0000 		.4byte	.LASF31
 260 0173 05       		.byte	0x5
 261 0174 45       		.byte	0x45
 262 0175 97000000 		.4byte	0x97
 263 0179 2A       		.byte	0x2a
 264 017a 07       		.uleb128 0x7
 265 017b B4060000 		.4byte	.LASF32
 266 017f 05       		.byte	0x5
 267 0180 46       		.byte	0x46
 268 0181 97000000 		.4byte	0x97
 269 0185 2B       		.byte	0x2b
 270 0186 07       		.uleb128 0x7
 271 0187 86050000 		.4byte	.LASF33
 272 018b 05       		.byte	0x5
 273 018c 47       		.byte	0x47
 274 018d 97000000 		.4byte	0x97
 275 0191 2C       		.byte	0x2c
 276 0192 07       		.uleb128 0x7
 277 0193 9B090000 		.4byte	.LASF34
 278 0197 05       		.byte	0x5
 279 0198 48       		.byte	0x48
 280 0199 97000000 		.4byte	0x97
 281 019d 2D       		.byte	0x2d
 282 019e 07       		.uleb128 0x7
 283 019f 9E020000 		.4byte	.LASF35
 284 01a3 05       		.byte	0x5
 285 01a4 49       		.byte	0x49
 286 01a5 97000000 		.4byte	0x97
 287 01a9 2E       		.byte	0x2e
 288 01aa 07       		.uleb128 0x7
 289 01ab F8050000 		.4byte	.LASF36
 290 01af 05       		.byte	0x5
 291 01b0 4A       		.byte	0x4a
 292 01b1 97000000 		.4byte	0x97
 293 01b5 2F       		.byte	0x2f
 294 01b6 07       		.uleb128 0x7
 295 01b7 4A090000 		.4byte	.LASF37
 296 01bb 05       		.byte	0x5
 297 01bc 4B       		.byte	0x4b
 298 01bd 97000000 		.4byte	0x97
 299 01c1 30       		.byte	0x30
 300 01c2 07       		.uleb128 0x7
 301 01c3 09050000 		.4byte	.LASF38
 302 01c7 05       		.byte	0x5
 303 01c8 4E       		.byte	0x4e
 304 01c9 97000000 		.4byte	0x97
 305 01cd 31       		.byte	0x31
 306 01ce 07       		.uleb128 0x7
 307 01cf 9E000000 		.4byte	.LASF39
ARM GAS  C:\Users\adris\AppData\Local\Temp\ccJEeaOu.s 			page 9


 308 01d3 05       		.byte	0x5
 309 01d4 4F       		.byte	0x4f
 310 01d5 97000000 		.4byte	0x97
 311 01d9 32       		.byte	0x32
 312 01da 07       		.uleb128 0x7
 313 01db 5D040000 		.4byte	.LASF40
 314 01df 05       		.byte	0x5
 315 01e0 50       		.byte	0x50
 316 01e1 97000000 		.4byte	0x97
 317 01e5 33       		.byte	0x33
 318 01e6 07       		.uleb128 0x7
 319 01e7 59060000 		.4byte	.LASF41
 320 01eb 05       		.byte	0x5
 321 01ec 51       		.byte	0x51
 322 01ed 97000000 		.4byte	0x97
 323 01f1 34       		.byte	0x34
 324 01f2 07       		.uleb128 0x7
 325 01f3 360A0000 		.4byte	.LASF42
 326 01f7 05       		.byte	0x5
 327 01f8 52       		.byte	0x52
 328 01f9 A2000000 		.4byte	0xa2
 329 01fd 36       		.byte	0x36
 330 01fe 07       		.uleb128 0x7
 331 01ff 68030000 		.4byte	.LASF43
 332 0203 05       		.byte	0x5
 333 0204 53       		.byte	0x53
 334 0205 A2000000 		.4byte	0xa2
 335 0209 38       		.byte	0x38
 336 020a 07       		.uleb128 0x7
 337 020b BA090000 		.4byte	.LASF44
 338 020f 05       		.byte	0x5
 339 0210 54       		.byte	0x54
 340 0211 A2000000 		.4byte	0xa2
 341 0215 3A       		.byte	0x3a
 342 0216 07       		.uleb128 0x7
 343 0217 D0020000 		.4byte	.LASF45
 344 021b 05       		.byte	0x5
 345 021c 55       		.byte	0x55
 346 021d 97000000 		.4byte	0x97
 347 0221 3C       		.byte	0x3c
 348 0222 07       		.uleb128 0x7
 349 0223 8F030000 		.4byte	.LASF46
 350 0227 05       		.byte	0x5
 351 0228 56       		.byte	0x56
 352 0229 97000000 		.4byte	0x97
 353 022d 3D       		.byte	0x3d
 354 022e 07       		.uleb128 0x7
 355 022f B70A0000 		.4byte	.LASF47
 356 0233 05       		.byte	0x5
 357 0234 57       		.byte	0x57
 358 0235 97000000 		.4byte	0x97
 359 0239 3E       		.byte	0x3e
 360 023a 07       		.uleb128 0x7
 361 023b 7C010000 		.4byte	.LASF48
 362 023f 05       		.byte	0x5
 363 0240 58       		.byte	0x58
 364 0241 97000000 		.4byte	0x97
ARM GAS  C:\Users\adris\AppData\Local\Temp\ccJEeaOu.s 			page 10


 365 0245 3F       		.byte	0x3f
 366 0246 07       		.uleb128 0x7
 367 0247 CD060000 		.4byte	.LASF49
 368 024b 05       		.byte	0x5
 369 024c 59       		.byte	0x59
 370 024d 97000000 		.4byte	0x97
 371 0251 40       		.byte	0x40
 372 0252 07       		.uleb128 0x7
 373 0253 F6030000 		.4byte	.LASF50
 374 0257 05       		.byte	0x5
 375 0258 5A       		.byte	0x5a
 376 0259 97000000 		.4byte	0x97
 377 025d 41       		.byte	0x41
 378 025e 07       		.uleb128 0x7
 379 025f A2050000 		.4byte	.LASF51
 380 0263 05       		.byte	0x5
 381 0264 5B       		.byte	0x5b
 382 0265 97000000 		.4byte	0x97
 383 0269 42       		.byte	0x42
 384 026a 07       		.uleb128 0x7
 385 026b A0060000 		.4byte	.LASF52
 386 026f 05       		.byte	0x5
 387 0270 5C       		.byte	0x5c
 388 0271 97000000 		.4byte	0x97
 389 0275 43       		.byte	0x43
 390 0276 07       		.uleb128 0x7
 391 0277 57030000 		.4byte	.LASF53
 392 027b 05       		.byte	0x5
 393 027c 5D       		.byte	0x5d
 394 027d 97000000 		.4byte	0x97
 395 0281 44       		.byte	0x44
 396 0282 07       		.uleb128 0x7
 397 0283 00000000 		.4byte	.LASF54
 398 0287 05       		.byte	0x5
 399 0288 5E       		.byte	0x5e
 400 0289 B8000000 		.4byte	0xb8
 401 028d 48       		.byte	0x48
 402 028e 07       		.uleb128 0x7
 403 028f 40030000 		.4byte	.LASF55
 404 0293 05       		.byte	0x5
 405 0294 5F       		.byte	0x5f
 406 0295 B8000000 		.4byte	0xb8
 407 0299 4C       		.byte	0x4c
 408 029a 07       		.uleb128 0x7
 409 029b B70B0000 		.4byte	.LASF56
 410 029f 05       		.byte	0x5
 411 02a0 60       		.byte	0x60
 412 02a1 97000000 		.4byte	0x97
 413 02a5 50       		.byte	0x50
 414 02a6 07       		.uleb128 0x7
 415 02a7 FE010000 		.4byte	.LASF57
 416 02ab 05       		.byte	0x5
 417 02ac 61       		.byte	0x61
 418 02ad 97000000 		.4byte	0x97
 419 02b1 51       		.byte	0x51
 420 02b2 07       		.uleb128 0x7
 421 02b3 F20A0000 		.4byte	.LASF58
ARM GAS  C:\Users\adris\AppData\Local\Temp\ccJEeaOu.s 			page 11


 422 02b7 05       		.byte	0x5
 423 02b8 62       		.byte	0x62
 424 02b9 97000000 		.4byte	0x97
 425 02bd 52       		.byte	0x52
 426 02be 07       		.uleb128 0x7
 427 02bf A8090000 		.4byte	.LASF59
 428 02c3 05       		.byte	0x5
 429 02c4 63       		.byte	0x63
 430 02c5 97000000 		.4byte	0x97
 431 02c9 53       		.byte	0x53
 432 02ca 07       		.uleb128 0x7
 433 02cb 61080000 		.4byte	.LASF60
 434 02cf 05       		.byte	0x5
 435 02d0 64       		.byte	0x64
 436 02d1 97000000 		.4byte	0x97
 437 02d5 54       		.byte	0x54
 438 02d6 07       		.uleb128 0x7
 439 02d7 38020000 		.4byte	.LASF61
 440 02db 05       		.byte	0x5
 441 02dc 65       		.byte	0x65
 442 02dd 97000000 		.4byte	0x97
 443 02e1 55       		.byte	0x55
 444 02e2 07       		.uleb128 0x7
 445 02e3 B2040000 		.4byte	.LASF62
 446 02e7 05       		.byte	0x5
 447 02e8 66       		.byte	0x66
 448 02e9 97000000 		.4byte	0x97
 449 02ed 56       		.byte	0x56
 450 02ee 07       		.uleb128 0x7
 451 02ef E9070000 		.4byte	.LASF63
 452 02f3 05       		.byte	0x5
 453 02f4 67       		.byte	0x67
 454 02f5 97000000 		.4byte	0x97
 455 02f9 57       		.byte	0x57
 456 02fa 07       		.uleb128 0x7
 457 02fb 24000000 		.4byte	.LASF64
 458 02ff 05       		.byte	0x5
 459 0300 68       		.byte	0x68
 460 0301 97000000 		.4byte	0x97
 461 0305 58       		.byte	0x58
 462 0306 07       		.uleb128 0x7
 463 0307 80070000 		.4byte	.LASF65
 464 030b 05       		.byte	0x5
 465 030c 69       		.byte	0x69
 466 030d 97000000 		.4byte	0x97
 467 0311 59       		.byte	0x59
 468 0312 07       		.uleb128 0x7
 469 0313 3E060000 		.4byte	.LASF66
 470 0317 05       		.byte	0x5
 471 0318 6E       		.byte	0x6e
 472 0319 AD000000 		.4byte	0xad
 473 031d 5A       		.byte	0x5a
 474 031e 07       		.uleb128 0x7
 475 031f FC090000 		.4byte	.LASF67
 476 0323 05       		.byte	0x5
 477 0324 6F       		.byte	0x6f
 478 0325 AD000000 		.4byte	0xad
ARM GAS  C:\Users\adris\AppData\Local\Temp\ccJEeaOu.s 			page 12


 479 0329 5C       		.byte	0x5c
 480 032a 07       		.uleb128 0x7
 481 032b 6D000000 		.4byte	.LASF68
 482 032f 05       		.byte	0x5
 483 0330 70       		.byte	0x70
 484 0331 97000000 		.4byte	0x97
 485 0335 5E       		.byte	0x5e
 486 0336 07       		.uleb128 0x7
 487 0337 2E070000 		.4byte	.LASF69
 488 033b 05       		.byte	0x5
 489 033c 71       		.byte	0x71
 490 033d 97000000 		.4byte	0x97
 491 0341 5F       		.byte	0x5f
 492 0342 07       		.uleb128 0x7
 493 0343 8F060000 		.4byte	.LASF70
 494 0347 05       		.byte	0x5
 495 0348 72       		.byte	0x72
 496 0349 97000000 		.4byte	0x97
 497 034d 60       		.byte	0x60
 498 034e 07       		.uleb128 0x7
 499 034f 07070000 		.4byte	.LASF71
 500 0353 05       		.byte	0x5
 501 0354 73       		.byte	0x73
 502 0355 B8000000 		.4byte	0xb8
 503 0359 64       		.byte	0x64
 504 035a 07       		.uleb128 0x7
 505 035b BB010000 		.4byte	.LASF72
 506 035f 05       		.byte	0x5
 507 0360 76       		.byte	0x76
 508 0361 AD000000 		.4byte	0xad
 509 0365 68       		.byte	0x68
 510 0366 07       		.uleb128 0x7
 511 0367 A0040000 		.4byte	.LASF73
 512 036b 05       		.byte	0x5
 513 036c 77       		.byte	0x77
 514 036d AD000000 		.4byte	0xad
 515 0371 6A       		.byte	0x6a
 516 0372 07       		.uleb128 0x7
 517 0373 41050000 		.4byte	.LASF74
 518 0377 05       		.byte	0x5
 519 0378 78       		.byte	0x78
 520 0379 AD000000 		.4byte	0xad
 521 037d 6C       		.byte	0x6c
 522 037e 07       		.uleb128 0x7
 523 037f 91000000 		.4byte	.LASF75
 524 0383 05       		.byte	0x5
 525 0384 79       		.byte	0x79
 526 0385 AD000000 		.4byte	0xad
 527 0389 6E       		.byte	0x6e
 528 038a 07       		.uleb128 0x7
 529 038b D5070000 		.4byte	.LASF76
 530 038f 05       		.byte	0x5
 531 0390 7B       		.byte	0x7b
 532 0391 97000000 		.4byte	0x97
 533 0395 70       		.byte	0x70
 534 0396 07       		.uleb128 0x7
 535 0397 80020000 		.4byte	.LASF77
ARM GAS  C:\Users\adris\AppData\Local\Temp\ccJEeaOu.s 			page 13


 536 039b 05       		.byte	0x5
 537 039c 7C       		.byte	0x7c
 538 039d 97000000 		.4byte	0x97
 539 03a1 71       		.byte	0x71
 540 03a2 07       		.uleb128 0x7
 541 03a3 890B0000 		.4byte	.LASF78
 542 03a7 05       		.byte	0x5
 543 03a8 7D       		.byte	0x7d
 544 03a9 97000000 		.4byte	0x97
 545 03ad 72       		.byte	0x72
 546 03ae 07       		.uleb128 0x7
 547 03af 6A060000 		.4byte	.LASF79
 548 03b3 05       		.byte	0x5
 549 03b4 7E       		.byte	0x7e
 550 03b5 97000000 		.4byte	0x97
 551 03b9 73       		.byte	0x73
 552 03ba 07       		.uleb128 0x7
 553 03bb B0030000 		.4byte	.LASF80
 554 03bf 05       		.byte	0x5
 555 03c0 80       		.byte	0x80
 556 03c1 AD000000 		.4byte	0xad
 557 03c5 74       		.byte	0x74
 558 03c6 07       		.uleb128 0x7
 559 03c7 7B090000 		.4byte	.LASF81
 560 03cb 05       		.byte	0x5
 561 03cc 81       		.byte	0x81
 562 03cd AD000000 		.4byte	0xad
 563 03d1 76       		.byte	0x76
 564 03d2 07       		.uleb128 0x7
 565 03d3 7A030000 		.4byte	.LASF82
 566 03d7 05       		.byte	0x5
 567 03d8 82       		.byte	0x82
 568 03d9 AD000000 		.4byte	0xad
 569 03dd 78       		.byte	0x78
 570 03de 07       		.uleb128 0x7
 571 03df 94070000 		.4byte	.LASF83
 572 03e3 05       		.byte	0x5
 573 03e4 83       		.byte	0x83
 574 03e5 AD000000 		.4byte	0xad
 575 03e9 7A       		.byte	0x7a
 576 03ea 07       		.uleb128 0x7
 577 03eb 1F0B0000 		.4byte	.LASF84
 578 03ef 05       		.byte	0x5
 579 03f0 86       		.byte	0x86
 580 03f1 97000000 		.4byte	0x97
 581 03f5 7C       		.byte	0x7c
 582 03f6 07       		.uleb128 0x7
 583 03f7 630A0000 		.4byte	.LASF85
 584 03fb 05       		.byte	0x5
 585 03fc 87       		.byte	0x87
 586 03fd 97000000 		.4byte	0x97
 587 0401 7D       		.byte	0x7d
 588 0402 07       		.uleb128 0x7
 589 0403 38000000 		.4byte	.LASF86
 590 0407 05       		.byte	0x5
 591 0408 88       		.byte	0x88
 592 0409 97000000 		.4byte	0x97
ARM GAS  C:\Users\adris\AppData\Local\Temp\ccJEeaOu.s 			page 14


 593 040d 7E       		.byte	0x7e
 594 040e 07       		.uleb128 0x7
 595 040f C2030000 		.4byte	.LASF87
 596 0413 05       		.byte	0x5
 597 0414 89       		.byte	0x89
 598 0415 97000000 		.4byte	0x97
 599 0419 7F       		.byte	0x7f
 600 041a 07       		.uleb128 0x7
 601 041b 49040000 		.4byte	.LASF88
 602 041f 05       		.byte	0x5
 603 0420 8A       		.byte	0x8a
 604 0421 97000000 		.4byte	0x97
 605 0425 80       		.byte	0x80
 606 0426 07       		.uleb128 0x7
 607 0427 4C0A0000 		.4byte	.LASF89
 608 042b 05       		.byte	0x5
 609 042c 8D       		.byte	0x8d
 610 042d B8000000 		.4byte	0xb8
 611 0431 84       		.byte	0x84
 612 0432 07       		.uleb128 0x7
 613 0433 35010000 		.4byte	.LASF90
 614 0437 05       		.byte	0x5
 615 0438 8E       		.byte	0x8e
 616 0439 B8000000 		.4byte	0xb8
 617 043d 88       		.byte	0x88
 618 043e 07       		.uleb128 0x7
 619 043f 0A0B0000 		.4byte	.LASF91
 620 0443 05       		.byte	0x5
 621 0444 8F       		.byte	0x8f
 622 0445 B8000000 		.4byte	0xb8
 623 0449 8C       		.byte	0x8c
 624 044a 07       		.uleb128 0x7
 625 044b 04060000 		.4byte	.LASF92
 626 044f 05       		.byte	0x5
 627 0450 90       		.byte	0x90
 628 0451 B8000000 		.4byte	0xb8
 629 0455 90       		.byte	0x90
 630 0456 07       		.uleb128 0x7
 631 0457 19040000 		.4byte	.LASF93
 632 045b 05       		.byte	0x5
 633 045c 91       		.byte	0x91
 634 045d B8000000 		.4byte	0xb8
 635 0461 94       		.byte	0x94
 636 0462 07       		.uleb128 0x7
 637 0463 BC050000 		.4byte	.LASF94
 638 0467 05       		.byte	0x5
 639 0468 92       		.byte	0x92
 640 0469 B8000000 		.4byte	0xb8
 641 046d 98       		.byte	0x98
 642 046e 07       		.uleb128 0x7
 643 046f 520B0000 		.4byte	.LASF95
 644 0473 05       		.byte	0x5
 645 0474 93       		.byte	0x93
 646 0475 B8000000 		.4byte	0xb8
 647 0479 9C       		.byte	0x9c
 648 047a 07       		.uleb128 0x7
 649 047b D5010000 		.4byte	.LASF96
ARM GAS  C:\Users\adris\AppData\Local\Temp\ccJEeaOu.s 			page 15


 650 047f 05       		.byte	0x5
 651 0480 94       		.byte	0x94
 652 0481 B8000000 		.4byte	0xb8
 653 0485 A0       		.byte	0xa0
 654 0486 07       		.uleb128 0x7
 655 0487 BB020000 		.4byte	.LASF97
 656 048b 05       		.byte	0x5
 657 048c 95       		.byte	0x95
 658 048d AD000000 		.4byte	0xad
 659 0491 A4       		.byte	0xa4
 660 0492 07       		.uleb128 0x7
 661 0493 DD0A0000 		.4byte	.LASF98
 662 0497 05       		.byte	0x5
 663 0498 96       		.byte	0x96
 664 0499 AD000000 		.4byte	0xad
 665 049d A6       		.byte	0xa6
 666 049e 07       		.uleb128 0x7
 667 049f 22070000 		.4byte	.LASF99
 668 04a3 05       		.byte	0x5
 669 04a4 97       		.byte	0x97
 670 04a5 AD000000 		.4byte	0xad
 671 04a9 A8       		.byte	0xa8
 672 04aa 07       		.uleb128 0x7
 673 04ab 56090000 		.4byte	.LASF100
 674 04af 05       		.byte	0x5
 675 04b0 98       		.byte	0x98
 676 04b1 AD000000 		.4byte	0xad
 677 04b5 AA       		.byte	0xaa
 678 04b6 07       		.uleb128 0x7
 679 04b7 50050000 		.4byte	.LASF101
 680 04bb 05       		.byte	0x5
 681 04bc 99       		.byte	0x99
 682 04bd AD000000 		.4byte	0xad
 683 04c1 AC       		.byte	0xac
 684 04c2 07       		.uleb128 0x7
 685 04c3 81060000 		.4byte	.LASF102
 686 04c7 05       		.byte	0x5
 687 04c8 9A       		.byte	0x9a
 688 04c9 AD000000 		.4byte	0xad
 689 04cd AE       		.byte	0xae
 690 04ce 07       		.uleb128 0x7
 691 04cf 0F0A0000 		.4byte	.LASF103
 692 04d3 05       		.byte	0x5
 693 04d4 9D       		.byte	0x9d
 694 04d5 AD000000 		.4byte	0xad
 695 04d9 B0       		.byte	0xb0
 696 04da 07       		.uleb128 0x7
 697 04db 4B000000 		.4byte	.LASF104
 698 04df 05       		.byte	0x5
 699 04e0 9E       		.byte	0x9e
 700 04e1 B8000000 		.4byte	0xb8
 701 04e5 B4       		.byte	0xb4
 702 04e6 00       		.byte	0
 703 04e7 03       		.uleb128 0x3
 704 04e8 92050000 		.4byte	.LASF105
 705 04ec 05       		.byte	0x5
 706 04ed 9F       		.byte	0x9f
ARM GAS  C:\Users\adris\AppData\Local\Temp\ccJEeaOu.s 			page 16


 707 04ee D6000000 		.4byte	0xd6
 708 04f2 02       		.uleb128 0x2
 709 04f3 01       		.byte	0x1
 710 04f4 08       		.byte	0x8
 711 04f5 3A090000 		.4byte	.LASF106
 712 04f9 02       		.uleb128 0x2
 713 04fa 04       		.byte	0x4
 714 04fb 04       		.byte	0x4
 715 04fc 01070000 		.4byte	.LASF107
 716 0500 02       		.uleb128 0x2
 717 0501 08       		.byte	0x8
 718 0502 04       		.byte	0x4
 719 0503 73030000 		.4byte	.LASF108
 720 0507 08       		.uleb128 0x8
 721 0508 04       		.byte	0x4
 722 0509 02       		.uleb128 0x2
 723 050a 01       		.byte	0x1
 724 050b 02       		.byte	0x2
 725 050c 6C070000 		.4byte	.LASF109
 726 0510 09       		.uleb128 0x9
 727 0511 01       		.byte	0x1
 728 0512 2C000000 		.4byte	0x2c
 729 0516 06       		.byte	0x6
 730 0517 2402     		.2byte	0x224
 731 0519 2A050000 		.4byte	0x52a
 732 051d 0A       		.uleb128 0xa
 733 051e 5D070000 		.4byte	.LASF110
 734 0522 00       		.byte	0
 735 0523 0A       		.uleb128 0xa
 736 0524 31030000 		.4byte	.LASF111
 737 0528 01       		.byte	0x1
 738 0529 00       		.byte	0
 739 052a 0B       		.uleb128 0xb
 740 052b C50A0000 		.4byte	.LASF112
 741 052f 06       		.byte	0x6
 742 0530 2702     		.2byte	0x227
 743 0532 10050000 		.4byte	0x510
 744 0536 0B       		.uleb128 0xb
 745 0537 EF020000 		.4byte	.LASF113
 746 053b 06       		.byte	0x6
 747 053c 3902     		.2byte	0x239
 748 053e 42050000 		.4byte	0x542
 749 0542 0C       		.uleb128 0xc
 750 0543 04       		.byte	0x4
 751 0544 48050000 		.4byte	0x548
 752 0548 0D       		.uleb128 0xd
 753 0549 53050000 		.4byte	0x553
 754 054d 0E       		.uleb128 0xe
 755 054e B8000000 		.4byte	0xb8
 756 0552 00       		.byte	0
 757 0553 0B       		.uleb128 0xb
 758 0554 09080000 		.4byte	.LASF114
 759 0558 06       		.byte	0x6
 760 0559 4402     		.2byte	0x244
 761 055b 5F050000 		.4byte	0x55f
 762 055f 0C       		.uleb128 0xc
 763 0560 04       		.byte	0x4
ARM GAS  C:\Users\adris\AppData\Local\Temp\ccJEeaOu.s 			page 17


 764 0561 65050000 		.4byte	0x565
 765 0565 0F       		.uleb128 0xf
 766 0566 2A050000 		.4byte	0x52a
 767 056a 74050000 		.4byte	0x574
 768 056e 0E       		.uleb128 0xe
 769 056f B8000000 		.4byte	0xb8
 770 0573 00       		.byte	0
 771 0574 10       		.uleb128 0x10
 772 0575 21020000 		.4byte	.LASF138
 773 0579 4C       		.byte	0x4c
 774 057a 06       		.byte	0x6
 775 057b C302     		.2byte	0x2c3
 776 057d 93060000 		.4byte	0x693
 777 0581 11       		.uleb128 0x11
 778 0582 1D0A0000 		.4byte	.LASF115
 779 0586 06       		.byte	0x6
 780 0587 C602     		.2byte	0x2c6
 781 0589 09050000 		.4byte	0x509
 782 058d 00       		.byte	0
 783 058e 11       		.uleb128 0x11
 784 058f 37050000 		.4byte	.LASF116
 785 0593 06       		.byte	0x6
 786 0594 C702     		.2byte	0x2c7
 787 0596 09050000 		.4byte	0x509
 788 059a 01       		.byte	0x1
 789 059b 11       		.uleb128 0x11
 790 059c E9020000 		.4byte	.LASF117
 791 05a0 06       		.byte	0x6
 792 05a1 C902     		.2byte	0x2c9
 793 05a3 CA000000 		.4byte	0xca
 794 05a7 04       		.byte	0x4
 795 05a8 11       		.uleb128 0x11
 796 05a9 EB010000 		.4byte	.LASF118
 797 05ad 06       		.byte	0x6
 798 05ae CB02     		.2byte	0x2cb
 799 05b0 CA000000 		.4byte	0xca
 800 05b4 08       		.byte	0x8
 801 05b5 11       		.uleb128 0x11
 802 05b6 FD070000 		.4byte	.LASF119
 803 05ba 06       		.byte	0x6
 804 05bb CC02     		.2byte	0x2cc
 805 05bd 09050000 		.4byte	0x509
 806 05c1 0C       		.byte	0xc
 807 05c2 11       		.uleb128 0x11
 808 05c3 25030000 		.4byte	.LASF120
 809 05c7 06       		.byte	0x6
 810 05c8 CD02     		.2byte	0x2cd
 811 05ca 09050000 		.4byte	0x509
 812 05ce 0D       		.byte	0xd
 813 05cf 11       		.uleb128 0x11
 814 05d0 8E090000 		.4byte	.LASF121
 815 05d4 06       		.byte	0x6
 816 05d5 CF02     		.2byte	0x2cf
 817 05d7 93060000 		.4byte	0x693
 818 05db 10       		.byte	0x10
 819 05dc 11       		.uleb128 0x11
 820 05dd C4070000 		.4byte	.LASF122
ARM GAS  C:\Users\adris\AppData\Local\Temp\ccJEeaOu.s 			page 18


 821 05e1 06       		.byte	0x6
 822 05e2 D002     		.2byte	0x2d0
 823 05e4 B8000000 		.4byte	0xb8
 824 05e8 14       		.byte	0x14
 825 05e9 11       		.uleb128 0x11
 826 05ea 49060000 		.4byte	.LASF123
 827 05ee 06       		.byte	0x6
 828 05ef D102     		.2byte	0x2d1
 829 05f1 CA000000 		.4byte	0xca
 830 05f5 18       		.byte	0x18
 831 05f6 11       		.uleb128 0x11
 832 05f7 41080000 		.4byte	.LASF124
 833 05fb 06       		.byte	0x6
 834 05fc D202     		.2byte	0x2d2
 835 05fe CA000000 		.4byte	0xca
 836 0602 1C       		.byte	0x1c
 837 0603 11       		.uleb128 0x11
 838 0604 B6000000 		.4byte	.LASF125
 839 0608 06       		.byte	0x6
 840 0609 D402     		.2byte	0x2d4
 841 060b CA000000 		.4byte	0xca
 842 060f 20       		.byte	0x20
 843 0610 11       		.uleb128 0x11
 844 0611 90040000 		.4byte	.LASF126
 845 0615 06       		.byte	0x6
 846 0616 D502     		.2byte	0x2d5
 847 0618 99060000 		.4byte	0x699
 848 061c 24       		.byte	0x24
 849 061d 11       		.uleb128 0x11
 850 061e 820A0000 		.4byte	.LASF127
 851 0622 06       		.byte	0x6
 852 0623 D702     		.2byte	0x2d7
 853 0625 93060000 		.4byte	0x693
 854 0629 28       		.byte	0x28
 855 062a 11       		.uleb128 0x11
 856 062b 900A0000 		.4byte	.LASF128
 857 062f 06       		.byte	0x6
 858 0630 D802     		.2byte	0x2d8
 859 0632 B8000000 		.4byte	0xb8
 860 0636 2C       		.byte	0x2c
 861 0637 11       		.uleb128 0x11
 862 0638 76040000 		.4byte	.LASF129
 863 063c 06       		.byte	0x6
 864 063d D902     		.2byte	0x2d9
 865 063f CA000000 		.4byte	0xca
 866 0643 30       		.byte	0x30
 867 0644 11       		.uleb128 0x11
 868 0645 50080000 		.4byte	.LASF130
 869 0649 06       		.byte	0x6
 870 064a DA02     		.2byte	0x2da
 871 064c CA000000 		.4byte	0xca
 872 0650 34       		.byte	0x34
 873 0651 11       		.uleb128 0x11
 874 0652 D2050000 		.4byte	.LASF131
 875 0656 06       		.byte	0x6
 876 0657 DC02     		.2byte	0x2dc
 877 0659 93060000 		.4byte	0x693
ARM GAS  C:\Users\adris\AppData\Local\Temp\ccJEeaOu.s 			page 19


 878 065d 38       		.byte	0x38
 879 065e 11       		.uleb128 0x11
 880 065f A9020000 		.4byte	.LASF132
 881 0663 06       		.byte	0x6
 882 0664 DD02     		.2byte	0x2dd
 883 0666 B8000000 		.4byte	0xb8
 884 066a 3C       		.byte	0x3c
 885 066b 11       		.uleb128 0x11
 886 066c 10020000 		.4byte	.LASF133
 887 0670 06       		.byte	0x6
 888 0671 DE02     		.2byte	0x2de
 889 0673 CA000000 		.4byte	0xca
 890 0677 40       		.byte	0x40
 891 0678 11       		.uleb128 0x11
 892 0679 5E050000 		.4byte	.LASF134
 893 067d 06       		.byte	0x6
 894 067e E402     		.2byte	0x2e4
 895 0680 36050000 		.4byte	0x536
 896 0684 44       		.byte	0x44
 897 0685 11       		.uleb128 0x11
 898 0686 D6030000 		.4byte	.LASF135
 899 068a 06       		.byte	0x6
 900 068b EB02     		.2byte	0x2eb
 901 068d 53050000 		.4byte	0x553
 902 0691 48       		.byte	0x48
 903 0692 00       		.byte	0
 904 0693 0C       		.uleb128 0xc
 905 0694 04       		.byte	0x4
 906 0695 97000000 		.4byte	0x97
 907 0699 05       		.uleb128 0x5
 908 069a 09050000 		.4byte	0x509
 909 069e 0B       		.uleb128 0xb
 910 069f 7A080000 		.4byte	.LASF136
 911 06a3 06       		.byte	0x6
 912 06a4 EE02     		.2byte	0x2ee
 913 06a6 74050000 		.4byte	0x574
 914 06aa 0B       		.uleb128 0xb
 915 06ab EA040000 		.4byte	.LASF137
 916 06af 07       		.byte	0x7
 917 06b0 D901     		.2byte	0x1d9
 918 06b2 42050000 		.4byte	0x542
 919 06b6 10       		.uleb128 0x10
 920 06b7 9F0B0000 		.4byte	.LASF139
 921 06bb 38       		.byte	0x38
 922 06bc 07       		.byte	0x7
 923 06bd 7502     		.2byte	0x275
 924 06bf 7A070000 		.4byte	0x77a
 925 06c3 11       		.uleb128 0x11
 926 06c4 2E050000 		.4byte	.LASF140
 927 06c8 07       		.byte	0x7
 928 06c9 7802     		.2byte	0x278
 929 06cb CA000000 		.4byte	0xca
 930 06cf 00       		.byte	0
 931 06d0 11       		.uleb128 0x11
 932 06d1 AB060000 		.4byte	.LASF141
 933 06d5 07       		.byte	0x7
 934 06d6 7902     		.2byte	0x279
ARM GAS  C:\Users\adris\AppData\Local\Temp\ccJEeaOu.s 			page 20


 935 06d8 CA000000 		.4byte	0xca
 936 06dc 04       		.byte	0x4
 937 06dd 11       		.uleb128 0x11
 938 06de CB010000 		.4byte	.LASF142
 939 06e2 07       		.byte	0x7
 940 06e3 7B02     		.2byte	0x27b
 941 06e5 07050000 		.4byte	0x507
 942 06e9 08       		.byte	0x8
 943 06ea 11       		.uleb128 0x11
 944 06eb CF090000 		.4byte	.LASF143
 945 06ef 07       		.byte	0x7
 946 06f0 7C02     		.2byte	0x27c
 947 06f2 B8000000 		.4byte	0xb8
 948 06f6 0C       		.byte	0xc
 949 06f7 11       		.uleb128 0x11
 950 06f8 AE050000 		.4byte	.LASF144
 951 06fc 07       		.byte	0x7
 952 06fd 7D02     		.2byte	0x27d
 953 06ff CA000000 		.4byte	0xca
 954 0703 10       		.byte	0x10
 955 0704 11       		.uleb128 0x11
 956 0705 440B0000 		.4byte	.LASF145
 957 0709 07       		.byte	0x7
 958 070a 7E02     		.2byte	0x27e
 959 070c CA000000 		.4byte	0xca
 960 0710 14       		.byte	0x14
 961 0711 11       		.uleb128 0x11
 962 0712 7C0A0000 		.4byte	.LASF146
 963 0716 07       		.byte	0x7
 964 0717 8002     		.2byte	0x280
 965 0719 07050000 		.4byte	0x507
 966 071d 18       		.byte	0x18
 967 071e 11       		.uleb128 0x11
 968 071f 1A000000 		.4byte	.LASF147
 969 0723 07       		.byte	0x7
 970 0724 8102     		.2byte	0x281
 971 0726 B8000000 		.4byte	0xb8
 972 072a 1C       		.byte	0x1c
 973 072b 11       		.uleb128 0x11
 974 072c 10040000 		.4byte	.LASF148
 975 0730 07       		.byte	0x7
 976 0731 8202     		.2byte	0x282
 977 0733 CA000000 		.4byte	0xca
 978 0737 20       		.byte	0x20
 979 0738 11       		.uleb128 0x11
 980 0739 F8010000 		.4byte	.LASF149
 981 073d 07       		.byte	0x7
 982 073e 8402     		.2byte	0x284
 983 0740 07050000 		.4byte	0x507
 984 0744 24       		.byte	0x24
 985 0745 11       		.uleb128 0x11
 986 0746 2E040000 		.4byte	.LASF150
 987 074a 07       		.byte	0x7
 988 074b 8502     		.2byte	0x285
 989 074d B8000000 		.4byte	0xb8
 990 0751 28       		.byte	0x28
 991 0752 11       		.uleb128 0x11
ARM GAS  C:\Users\adris\AppData\Local\Temp\ccJEeaOu.s 			page 21


 992 0753 44070000 		.4byte	.LASF151
 993 0757 07       		.byte	0x7
 994 0758 8602     		.2byte	0x286
 995 075a CA000000 		.4byte	0xca
 996 075e 2C       		.byte	0x2c
 997 075f 11       		.uleb128 0x11
 998 0760 5E050000 		.4byte	.LASF134
 999 0764 07       		.byte	0x7
 1000 0765 8B02     		.2byte	0x28b
 1001 0767 AA060000 		.4byte	0x6aa
 1002 076b 30       		.byte	0x30
 1003 076c 11       		.uleb128 0x11
 1004 076d 740A0000 		.4byte	.LASF152
 1005 0771 07       		.byte	0x7
 1006 0772 8E02     		.2byte	0x28e
 1007 0774 B8000000 		.4byte	0xb8
 1008 0778 34       		.byte	0x34
 1009 0779 00       		.byte	0
 1010 077a 0B       		.uleb128 0xb
 1011 077b E7060000 		.4byte	.LASF153
 1012 077f 07       		.byte	0x7
 1013 0780 9102     		.2byte	0x291
 1014 0782 B6060000 		.4byte	0x6b6
 1015 0786 12       		.uleb128 0x12
 1016 0787 19060000 		.4byte	.LASF154
 1017 078b 4C       		.byte	0x4c
 1018 078c 08       		.byte	0x8
 1019 078d 2F       		.byte	0x2f
 1020 078e 77080000 		.4byte	0x877
 1021 0792 07       		.uleb128 0x7
 1022 0793 75010000 		.4byte	.LASF155
 1023 0797 08       		.byte	0x8
 1024 0798 31       		.byte	0x31
 1025 0799 B8000000 		.4byte	0xb8
 1026 079d 00       		.byte	0
 1027 079e 07       		.uleb128 0x7
 1028 079f AC010000 		.4byte	.LASF156
 1029 07a3 08       		.byte	0x8
 1030 07a4 33       		.byte	0x33
 1031 07a5 B8000000 		.4byte	0xb8
 1032 07a9 04       		.byte	0x4
 1033 07aa 07       		.uleb128 0x7
 1034 07ab 12000000 		.4byte	.LASF157
 1035 07af 08       		.byte	0x8
 1036 07b0 34       		.byte	0x34
 1037 07b1 B8000000 		.4byte	0xb8
 1038 07b5 08       		.byte	0x8
 1039 07b6 07       		.uleb128 0x7
 1040 07b7 67050000 		.4byte	.LASF158
 1041 07bb 08       		.byte	0x8
 1042 07bc 35       		.byte	0x35
 1043 07bd B8000000 		.4byte	0xb8
 1044 07c1 0C       		.byte	0xc
 1045 07c2 07       		.uleb128 0x7
 1046 07c3 30080000 		.4byte	.LASF159
 1047 07c7 08       		.byte	0x8
 1048 07c8 37       		.byte	0x37
ARM GAS  C:\Users\adris\AppData\Local\Temp\ccJEeaOu.s 			page 22


 1049 07c9 B8000000 		.4byte	0xb8
 1050 07cd 10       		.byte	0x10
 1051 07ce 07       		.uleb128 0x7
 1052 07cf 25090000 		.4byte	.LASF160
 1053 07d3 08       		.byte	0x8
 1054 07d4 38       		.byte	0x38
 1055 07d5 B8000000 		.4byte	0xb8
 1056 07d9 14       		.byte	0x14
 1057 07da 07       		.uleb128 0x7
 1058 07db 430A0000 		.4byte	.LASF161
 1059 07df 08       		.byte	0x8
 1060 07e0 39       		.byte	0x39
 1061 07e1 B8000000 		.4byte	0xb8
 1062 07e5 18       		.byte	0x18
 1063 07e6 07       		.uleb128 0x7
 1064 07e7 D8040000 		.4byte	.LASF162
 1065 07eb 08       		.byte	0x8
 1066 07ec 3A       		.byte	0x3a
 1067 07ed 09050000 		.4byte	0x509
 1068 07f1 1C       		.byte	0x1c
 1069 07f2 07       		.uleb128 0x7
 1070 07f3 38040000 		.4byte	.LASF163
 1071 07f7 08       		.byte	0x8
 1072 07f8 3C       		.byte	0x3c
 1073 07f9 B8000000 		.4byte	0xb8
 1074 07fd 20       		.byte	0x20
 1075 07fe 07       		.uleb128 0x7
 1076 07ff 9F030000 		.4byte	.LASF164
 1077 0803 08       		.byte	0x8
 1078 0804 3D       		.byte	0x3d
 1079 0805 B8000000 		.4byte	0xb8
 1080 0809 24       		.byte	0x24
 1081 080a 07       		.uleb128 0x7
 1082 080b 88010000 		.4byte	.LASF165
 1083 080f 08       		.byte	0x8
 1084 0810 3F       		.byte	0x3f
 1085 0811 B8000000 		.4byte	0xb8
 1086 0815 28       		.byte	0x28
 1087 0816 07       		.uleb128 0x7
 1088 0817 340B0000 		.4byte	.LASF166
 1089 081b 08       		.byte	0x8
 1090 081c 40       		.byte	0x40
 1091 081d B8000000 		.4byte	0xb8
 1092 0821 2C       		.byte	0x2c
 1093 0822 07       		.uleb128 0x7
 1094 0823 DD090000 		.4byte	.LASF167
 1095 0827 08       		.byte	0x8
 1096 0828 42       		.byte	0x42
 1097 0829 B8000000 		.4byte	0xb8
 1098 082d 30       		.byte	0x30
 1099 082e 07       		.uleb128 0x7
 1100 082f 270A0000 		.4byte	.LASF168
 1101 0833 08       		.byte	0x8
 1102 0834 43       		.byte	0x43
 1103 0835 B8000000 		.4byte	0xb8
 1104 0839 34       		.byte	0x34
 1105 083a 07       		.uleb128 0x7
ARM GAS  C:\Users\adris\AppData\Local\Temp\ccJEeaOu.s 			page 23


 1106 083b E0050000 		.4byte	.LASF169
 1107 083f 08       		.byte	0x8
 1108 0840 45       		.byte	0x45
 1109 0841 B8000000 		.4byte	0xb8
 1110 0845 38       		.byte	0x38
 1111 0846 07       		.uleb128 0x7
 1112 0847 5D010000 		.4byte	.LASF170
 1113 084b 08       		.byte	0x8
 1114 084c 46       		.byte	0x46
 1115 084d B8000000 		.4byte	0xb8
 1116 0851 3C       		.byte	0x3c
 1117 0852 07       		.uleb128 0x7
 1118 0853 050A0000 		.4byte	.LASF171
 1119 0857 08       		.byte	0x8
 1120 0858 48       		.byte	0x48
 1121 0859 B8000000 		.4byte	0xb8
 1122 085d 40       		.byte	0x40
 1123 085e 07       		.uleb128 0x7
 1124 085f 680B0000 		.4byte	.LASF172
 1125 0863 08       		.byte	0x8
 1126 0864 49       		.byte	0x49
 1127 0865 B8000000 		.4byte	0xb8
 1128 0869 44       		.byte	0x44
 1129 086a 07       		.uleb128 0x7
 1130 086b 3F090000 		.4byte	.LASF173
 1131 086f 08       		.byte	0x8
 1132 0870 4B       		.byte	0x4b
 1133 0871 B8000000 		.4byte	0xb8
 1134 0875 48       		.byte	0x48
 1135 0876 00       		.byte	0
 1136 0877 03       		.uleb128 0x3
 1137 0878 62020000 		.4byte	.LASF174
 1138 087c 08       		.byte	0x8
 1139 087d 4C       		.byte	0x4c
 1140 087e 86070000 		.4byte	0x786
 1141 0882 13       		.uleb128 0x13
 1142 0883 DA060000 		.4byte	.LASF185
 1143 0887 02       		.byte	0x2
 1144 0888 81       		.byte	0x81
 1145 0889 03       		.byte	0x3
 1146 088a 14       		.uleb128 0x14
 1147 088b 9A030000 		.4byte	.LASF186
 1148 088f 01       		.byte	0x1
 1149 0890 0E       		.byte	0xe
 1150 0891 89000000 		.4byte	0x89
 1151 0895 00000000 		.4byte	.LFB564
 1152 0899 10000000 		.4byte	.LFE564-.LFB564
 1153 089d 01       		.uleb128 0x1
 1154 089e 9C       		.byte	0x9c
 1155 089f C6080000 		.4byte	0x8c6
 1156 08a3 15       		.uleb128 0x15
 1157 08a4 82080000 		.4byte	0x882
 1158 08a8 02000000 		.4byte	.LBB4
 1159 08ac 02000000 		.4byte	.LBE4-.LBB4
 1160 08b0 01       		.byte	0x1
 1161 08b1 10       		.byte	0x10
 1162 08b2 16       		.uleb128 0x16
ARM GAS  C:\Users\adris\AppData\Local\Temp\ccJEeaOu.s 			page 24


 1163 08b3 0A000000 		.4byte	.LVL0
 1164 08b7 23090000 		.4byte	0x923
 1165 08bb 17       		.uleb128 0x17
 1166 08bc 01       		.uleb128 0x1
 1167 08bd 50       		.byte	0x50
 1168 08be 05       		.uleb128 0x5
 1169 08bf 0C       		.byte	0xc
 1170 08c0 00000810 		.4byte	0x10080000
 1171 08c4 00       		.byte	0
 1172 08c5 00       		.byte	0
 1173 08c6 18       		.uleb128 0x18
 1174 08c7 18070000 		.4byte	.LASF175
 1175 08cb 05       		.byte	0x5
 1176 08cc A7       		.byte	0xa7
 1177 08cd D1080000 		.4byte	0x8d1
 1178 08d1 0C       		.uleb128 0xc
 1179 08d2 04       		.byte	0x4
 1180 08d3 D7080000 		.4byte	0x8d7
 1181 08d7 19       		.uleb128 0x19
 1182 08d8 E7040000 		.4byte	0x4e7
 1183 08dc 18       		.uleb128 0x18
 1184 08dd 16030000 		.4byte	.LASF176
 1185 08e1 09       		.byte	0x9
 1186 08e2 87       		.byte	0x87
 1187 08e3 7A070000 		.4byte	0x77a
 1188 08e7 18       		.uleb128 0x18
 1189 08e8 B3070000 		.4byte	.LASF177
 1190 08ec 0A       		.byte	0xa
 1191 08ed 1F       		.byte	0x1f
 1192 08ee F2080000 		.4byte	0x8f2
 1193 08f2 19       		.uleb128 0x19
 1194 08f3 77080000 		.4byte	0x877
 1195 08f7 18       		.uleb128 0x18
 1196 08f8 14050000 		.4byte	.LASF178
 1197 08fc 0B       		.byte	0xb
 1198 08fd 1F       		.byte	0x1f
 1199 08fe F2080000 		.4byte	0x8f2
 1200 0902 18       		.uleb128 0x18
 1201 0903 A20A0000 		.4byte	.LASF179
 1202 0907 0C       		.byte	0xc
 1203 0908 1F       		.byte	0x1f
 1204 0909 F2080000 		.4byte	0x8f2
 1205 090d 18       		.uleb128 0x18
 1206 090e 4C010000 		.4byte	.LASF180
 1207 0912 0D       		.byte	0xd
 1208 0913 1F       		.byte	0x1f
 1209 0914 F2080000 		.4byte	0x8f2
 1210 0918 18       		.uleb128 0x18
 1211 0919 DD030000 		.4byte	.LASF181
 1212 091d 0E       		.byte	0xe
 1213 091e 7F       		.byte	0x7f
 1214 091f 9E060000 		.4byte	0x69e
 1215 0923 1A       		.uleb128 0x1a
 1216 0924 76050000 		.4byte	.LASF187
 1217 0928 76050000 		.4byte	.LASF187
 1218 092c 0F       		.byte	0xf
 1219 092d 2502     		.2byte	0x225
ARM GAS  C:\Users\adris\AppData\Local\Temp\ccJEeaOu.s 			page 25


 1220 092f 00       		.byte	0
 1221              		.section	.debug_abbrev,"",%progbits
 1222              	.Ldebug_abbrev0:
 1223 0000 01       		.uleb128 0x1
 1224 0001 11       		.uleb128 0x11
 1225 0002 01       		.byte	0x1
 1226 0003 25       		.uleb128 0x25
 1227 0004 0E       		.uleb128 0xe
 1228 0005 13       		.uleb128 0x13
 1229 0006 0B       		.uleb128 0xb
 1230 0007 03       		.uleb128 0x3
 1231 0008 0E       		.uleb128 0xe
 1232 0009 1B       		.uleb128 0x1b
 1233 000a 0E       		.uleb128 0xe
 1234 000b 55       		.uleb128 0x55
 1235 000c 17       		.uleb128 0x17
 1236 000d 11       		.uleb128 0x11
 1237 000e 01       		.uleb128 0x1
 1238 000f 10       		.uleb128 0x10
 1239 0010 17       		.uleb128 0x17
 1240 0011 00       		.byte	0
 1241 0012 00       		.byte	0
 1242 0013 02       		.uleb128 0x2
 1243 0014 24       		.uleb128 0x24
 1244 0015 00       		.byte	0
 1245 0016 0B       		.uleb128 0xb
 1246 0017 0B       		.uleb128 0xb
 1247 0018 3E       		.uleb128 0x3e
 1248 0019 0B       		.uleb128 0xb
 1249 001a 03       		.uleb128 0x3
 1250 001b 0E       		.uleb128 0xe
 1251 001c 00       		.byte	0
 1252 001d 00       		.byte	0
 1253 001e 03       		.uleb128 0x3
 1254 001f 16       		.uleb128 0x16
 1255 0020 00       		.byte	0
 1256 0021 03       		.uleb128 0x3
 1257 0022 0E       		.uleb128 0xe
 1258 0023 3A       		.uleb128 0x3a
 1259 0024 0B       		.uleb128 0xb
 1260 0025 3B       		.uleb128 0x3b
 1261 0026 0B       		.uleb128 0xb
 1262 0027 49       		.uleb128 0x49
 1263 0028 13       		.uleb128 0x13
 1264 0029 00       		.byte	0
 1265 002a 00       		.byte	0
 1266 002b 04       		.uleb128 0x4
 1267 002c 24       		.uleb128 0x24
 1268 002d 00       		.byte	0
 1269 002e 0B       		.uleb128 0xb
 1270 002f 0B       		.uleb128 0xb
 1271 0030 3E       		.uleb128 0x3e
 1272 0031 0B       		.uleb128 0xb
 1273 0032 03       		.uleb128 0x3
 1274 0033 08       		.uleb128 0x8
 1275 0034 00       		.byte	0
 1276 0035 00       		.byte	0
ARM GAS  C:\Users\adris\AppData\Local\Temp\ccJEeaOu.s 			page 26


 1277 0036 05       		.uleb128 0x5
 1278 0037 35       		.uleb128 0x35
 1279 0038 00       		.byte	0
 1280 0039 49       		.uleb128 0x49
 1281 003a 13       		.uleb128 0x13
 1282 003b 00       		.byte	0
 1283 003c 00       		.byte	0
 1284 003d 06       		.uleb128 0x6
 1285 003e 13       		.uleb128 0x13
 1286 003f 01       		.byte	0x1
 1287 0040 0B       		.uleb128 0xb
 1288 0041 0B       		.uleb128 0xb
 1289 0042 3A       		.uleb128 0x3a
 1290 0043 0B       		.uleb128 0xb
 1291 0044 3B       		.uleb128 0x3b
 1292 0045 0B       		.uleb128 0xb
 1293 0046 01       		.uleb128 0x1
 1294 0047 13       		.uleb128 0x13
 1295 0048 00       		.byte	0
 1296 0049 00       		.byte	0
 1297 004a 07       		.uleb128 0x7
 1298 004b 0D       		.uleb128 0xd
 1299 004c 00       		.byte	0
 1300 004d 03       		.uleb128 0x3
 1301 004e 0E       		.uleb128 0xe
 1302 004f 3A       		.uleb128 0x3a
 1303 0050 0B       		.uleb128 0xb
 1304 0051 3B       		.uleb128 0x3b
 1305 0052 0B       		.uleb128 0xb
 1306 0053 49       		.uleb128 0x49
 1307 0054 13       		.uleb128 0x13
 1308 0055 38       		.uleb128 0x38
 1309 0056 0B       		.uleb128 0xb
 1310 0057 00       		.byte	0
 1311 0058 00       		.byte	0
 1312 0059 08       		.uleb128 0x8
 1313 005a 0F       		.uleb128 0xf
 1314 005b 00       		.byte	0
 1315 005c 0B       		.uleb128 0xb
 1316 005d 0B       		.uleb128 0xb
 1317 005e 00       		.byte	0
 1318 005f 00       		.byte	0
 1319 0060 09       		.uleb128 0x9
 1320 0061 04       		.uleb128 0x4
 1321 0062 01       		.byte	0x1
 1322 0063 0B       		.uleb128 0xb
 1323 0064 0B       		.uleb128 0xb
 1324 0065 49       		.uleb128 0x49
 1325 0066 13       		.uleb128 0x13
 1326 0067 3A       		.uleb128 0x3a
 1327 0068 0B       		.uleb128 0xb
 1328 0069 3B       		.uleb128 0x3b
 1329 006a 05       		.uleb128 0x5
 1330 006b 01       		.uleb128 0x1
 1331 006c 13       		.uleb128 0x13
 1332 006d 00       		.byte	0
 1333 006e 00       		.byte	0
ARM GAS  C:\Users\adris\AppData\Local\Temp\ccJEeaOu.s 			page 27


 1334 006f 0A       		.uleb128 0xa
 1335 0070 28       		.uleb128 0x28
 1336 0071 00       		.byte	0
 1337 0072 03       		.uleb128 0x3
 1338 0073 0E       		.uleb128 0xe
 1339 0074 1C       		.uleb128 0x1c
 1340 0075 0B       		.uleb128 0xb
 1341 0076 00       		.byte	0
 1342 0077 00       		.byte	0
 1343 0078 0B       		.uleb128 0xb
 1344 0079 16       		.uleb128 0x16
 1345 007a 00       		.byte	0
 1346 007b 03       		.uleb128 0x3
 1347 007c 0E       		.uleb128 0xe
 1348 007d 3A       		.uleb128 0x3a
 1349 007e 0B       		.uleb128 0xb
 1350 007f 3B       		.uleb128 0x3b
 1351 0080 05       		.uleb128 0x5
 1352 0081 49       		.uleb128 0x49
 1353 0082 13       		.uleb128 0x13
 1354 0083 00       		.byte	0
 1355 0084 00       		.byte	0
 1356 0085 0C       		.uleb128 0xc
 1357 0086 0F       		.uleb128 0xf
 1358 0087 00       		.byte	0
 1359 0088 0B       		.uleb128 0xb
 1360 0089 0B       		.uleb128 0xb
 1361 008a 49       		.uleb128 0x49
 1362 008b 13       		.uleb128 0x13
 1363 008c 00       		.byte	0
 1364 008d 00       		.byte	0
 1365 008e 0D       		.uleb128 0xd
 1366 008f 15       		.uleb128 0x15
 1367 0090 01       		.byte	0x1
 1368 0091 27       		.uleb128 0x27
 1369 0092 19       		.uleb128 0x19
 1370 0093 01       		.uleb128 0x1
 1371 0094 13       		.uleb128 0x13
 1372 0095 00       		.byte	0
 1373 0096 00       		.byte	0
 1374 0097 0E       		.uleb128 0xe
 1375 0098 05       		.uleb128 0x5
 1376 0099 00       		.byte	0
 1377 009a 49       		.uleb128 0x49
 1378 009b 13       		.uleb128 0x13
 1379 009c 00       		.byte	0
 1380 009d 00       		.byte	0
 1381 009e 0F       		.uleb128 0xf
 1382 009f 15       		.uleb128 0x15
 1383 00a0 01       		.byte	0x1
 1384 00a1 27       		.uleb128 0x27
 1385 00a2 19       		.uleb128 0x19
 1386 00a3 49       		.uleb128 0x49
 1387 00a4 13       		.uleb128 0x13
 1388 00a5 01       		.uleb128 0x1
 1389 00a6 13       		.uleb128 0x13
 1390 00a7 00       		.byte	0
ARM GAS  C:\Users\adris\AppData\Local\Temp\ccJEeaOu.s 			page 28


 1391 00a8 00       		.byte	0
 1392 00a9 10       		.uleb128 0x10
 1393 00aa 13       		.uleb128 0x13
 1394 00ab 01       		.byte	0x1
 1395 00ac 03       		.uleb128 0x3
 1396 00ad 0E       		.uleb128 0xe
 1397 00ae 0B       		.uleb128 0xb
 1398 00af 0B       		.uleb128 0xb
 1399 00b0 3A       		.uleb128 0x3a
 1400 00b1 0B       		.uleb128 0xb
 1401 00b2 3B       		.uleb128 0x3b
 1402 00b3 05       		.uleb128 0x5
 1403 00b4 01       		.uleb128 0x1
 1404 00b5 13       		.uleb128 0x13
 1405 00b6 00       		.byte	0
 1406 00b7 00       		.byte	0
 1407 00b8 11       		.uleb128 0x11
 1408 00b9 0D       		.uleb128 0xd
 1409 00ba 00       		.byte	0
 1410 00bb 03       		.uleb128 0x3
 1411 00bc 0E       		.uleb128 0xe
 1412 00bd 3A       		.uleb128 0x3a
 1413 00be 0B       		.uleb128 0xb
 1414 00bf 3B       		.uleb128 0x3b
 1415 00c0 05       		.uleb128 0x5
 1416 00c1 49       		.uleb128 0x49
 1417 00c2 13       		.uleb128 0x13
 1418 00c3 38       		.uleb128 0x38
 1419 00c4 0B       		.uleb128 0xb
 1420 00c5 00       		.byte	0
 1421 00c6 00       		.byte	0
 1422 00c7 12       		.uleb128 0x12
 1423 00c8 13       		.uleb128 0x13
 1424 00c9 01       		.byte	0x1
 1425 00ca 03       		.uleb128 0x3
 1426 00cb 0E       		.uleb128 0xe
 1427 00cc 0B       		.uleb128 0xb
 1428 00cd 0B       		.uleb128 0xb
 1429 00ce 3A       		.uleb128 0x3a
 1430 00cf 0B       		.uleb128 0xb
 1431 00d0 3B       		.uleb128 0x3b
 1432 00d1 0B       		.uleb128 0xb
 1433 00d2 01       		.uleb128 0x1
 1434 00d3 13       		.uleb128 0x13
 1435 00d4 00       		.byte	0
 1436 00d5 00       		.byte	0
 1437 00d6 13       		.uleb128 0x13
 1438 00d7 2E       		.uleb128 0x2e
 1439 00d8 00       		.byte	0
 1440 00d9 03       		.uleb128 0x3
 1441 00da 0E       		.uleb128 0xe
 1442 00db 3A       		.uleb128 0x3a
 1443 00dc 0B       		.uleb128 0xb
 1444 00dd 3B       		.uleb128 0x3b
 1445 00de 0B       		.uleb128 0xb
 1446 00df 27       		.uleb128 0x27
 1447 00e0 19       		.uleb128 0x19
ARM GAS  C:\Users\adris\AppData\Local\Temp\ccJEeaOu.s 			page 29


 1448 00e1 20       		.uleb128 0x20
 1449 00e2 0B       		.uleb128 0xb
 1450 00e3 00       		.byte	0
 1451 00e4 00       		.byte	0
 1452 00e5 14       		.uleb128 0x14
 1453 00e6 2E       		.uleb128 0x2e
 1454 00e7 01       		.byte	0x1
 1455 00e8 3F       		.uleb128 0x3f
 1456 00e9 19       		.uleb128 0x19
 1457 00ea 03       		.uleb128 0x3
 1458 00eb 0E       		.uleb128 0xe
 1459 00ec 3A       		.uleb128 0x3a
 1460 00ed 0B       		.uleb128 0xb
 1461 00ee 3B       		.uleb128 0x3b
 1462 00ef 0B       		.uleb128 0xb
 1463 00f0 27       		.uleb128 0x27
 1464 00f1 19       		.uleb128 0x19
 1465 00f2 49       		.uleb128 0x49
 1466 00f3 13       		.uleb128 0x13
 1467 00f4 8701     		.uleb128 0x87
 1468 00f6 19       		.uleb128 0x19
 1469 00f7 11       		.uleb128 0x11
 1470 00f8 01       		.uleb128 0x1
 1471 00f9 12       		.uleb128 0x12
 1472 00fa 06       		.uleb128 0x6
 1473 00fb 40       		.uleb128 0x40
 1474 00fc 18       		.uleb128 0x18
 1475 00fd 9742     		.uleb128 0x2117
 1476 00ff 19       		.uleb128 0x19
 1477 0100 01       		.uleb128 0x1
 1478 0101 13       		.uleb128 0x13
 1479 0102 00       		.byte	0
 1480 0103 00       		.byte	0
 1481 0104 15       		.uleb128 0x15
 1482 0105 1D       		.uleb128 0x1d
 1483 0106 00       		.byte	0
 1484 0107 31       		.uleb128 0x31
 1485 0108 13       		.uleb128 0x13
 1486 0109 11       		.uleb128 0x11
 1487 010a 01       		.uleb128 0x1
 1488 010b 12       		.uleb128 0x12
 1489 010c 06       		.uleb128 0x6
 1490 010d 58       		.uleb128 0x58
 1491 010e 0B       		.uleb128 0xb
 1492 010f 59       		.uleb128 0x59
 1493 0110 0B       		.uleb128 0xb
 1494 0111 00       		.byte	0
 1495 0112 00       		.byte	0
 1496 0113 16       		.uleb128 0x16
 1497 0114 898201   		.uleb128 0x4109
 1498 0117 01       		.byte	0x1
 1499 0118 11       		.uleb128 0x11
 1500 0119 01       		.uleb128 0x1
 1501 011a 31       		.uleb128 0x31
 1502 011b 13       		.uleb128 0x13
 1503 011c 00       		.byte	0
 1504 011d 00       		.byte	0
ARM GAS  C:\Users\adris\AppData\Local\Temp\ccJEeaOu.s 			page 30


 1505 011e 17       		.uleb128 0x17
 1506 011f 8A8201   		.uleb128 0x410a
 1507 0122 00       		.byte	0
 1508 0123 02       		.uleb128 0x2
 1509 0124 18       		.uleb128 0x18
 1510 0125 9142     		.uleb128 0x2111
 1511 0127 18       		.uleb128 0x18
 1512 0128 00       		.byte	0
 1513 0129 00       		.byte	0
 1514 012a 18       		.uleb128 0x18
 1515 012b 34       		.uleb128 0x34
 1516 012c 00       		.byte	0
 1517 012d 03       		.uleb128 0x3
 1518 012e 0E       		.uleb128 0xe
 1519 012f 3A       		.uleb128 0x3a
 1520 0130 0B       		.uleb128 0xb
 1521 0131 3B       		.uleb128 0x3b
 1522 0132 0B       		.uleb128 0xb
 1523 0133 49       		.uleb128 0x49
 1524 0134 13       		.uleb128 0x13
 1525 0135 3F       		.uleb128 0x3f
 1526 0136 19       		.uleb128 0x19
 1527 0137 3C       		.uleb128 0x3c
 1528 0138 19       		.uleb128 0x19
 1529 0139 00       		.byte	0
 1530 013a 00       		.byte	0
 1531 013b 19       		.uleb128 0x19
 1532 013c 26       		.uleb128 0x26
 1533 013d 00       		.byte	0
 1534 013e 49       		.uleb128 0x49
 1535 013f 13       		.uleb128 0x13
 1536 0140 00       		.byte	0
 1537 0141 00       		.byte	0
 1538 0142 1A       		.uleb128 0x1a
 1539 0143 2E       		.uleb128 0x2e
 1540 0144 00       		.byte	0
 1541 0145 3F       		.uleb128 0x3f
 1542 0146 19       		.uleb128 0x19
 1543 0147 3C       		.uleb128 0x3c
 1544 0148 19       		.uleb128 0x19
 1545 0149 6E       		.uleb128 0x6e
 1546 014a 0E       		.uleb128 0xe
 1547 014b 03       		.uleb128 0x3
 1548 014c 0E       		.uleb128 0xe
 1549 014d 3A       		.uleb128 0x3a
 1550 014e 0B       		.uleb128 0xb
 1551 014f 3B       		.uleb128 0x3b
 1552 0150 05       		.uleb128 0x5
 1553 0151 00       		.byte	0
 1554 0152 00       		.byte	0
 1555 0153 00       		.byte	0
 1556              		.section	.debug_aranges,"",%progbits
 1557 0000 1C000000 		.4byte	0x1c
 1558 0004 0200     		.2byte	0x2
 1559 0006 00000000 		.4byte	.Ldebug_info0
 1560 000a 04       		.byte	0x4
 1561 000b 00       		.byte	0
ARM GAS  C:\Users\adris\AppData\Local\Temp\ccJEeaOu.s 			page 31


 1562 000c 0000     		.2byte	0
 1563 000e 0000     		.2byte	0
 1564 0010 00000000 		.4byte	.LFB564
 1565 0014 10000000 		.4byte	.LFE564-.LFB564
 1566 0018 00000000 		.4byte	0
 1567 001c 00000000 		.4byte	0
 1568              		.section	.debug_ranges,"",%progbits
 1569              	.Ldebug_ranges0:
 1570 0000 00000000 		.4byte	.LFB564
 1571 0004 10000000 		.4byte	.LFE564
 1572 0008 00000000 		.4byte	0
 1573 000c 00000000 		.4byte	0
 1574              		.section	.debug_line,"",%progbits
 1575              	.Ldebug_line0:
 1576 0000 DB020000 		.section	.debug_str,"MS",%progbits,1
 1576      0200BA02 
 1576      00000201 
 1576      FB0E0D00 
 1576      01010101 
 1577              	.LASF54:
 1578 0000 70726F74 		.ascii	"protBusMasterMask\000"
 1578      4275734D 
 1578      61737465 
 1578      724D6173 
 1578      6B00
 1579              	.LASF157:
 1580 0012 72756E4D 		.ascii	"runMode\000"
 1580      6F646500 
 1581              	.LASF147:
 1582 001a 72784275 		.ascii	"rxBufSize\000"
 1582      6653697A 
 1582      6500
 1583              	.LASF64:
 1584 0024 666C6173 		.ascii	"flashCtlMainWs3Freq\000"
 1584      6843746C 
 1584      4D61696E 
 1584      57733346 
 1584      72657100 
 1585              	.LASF86:
 1586 0038 6770696F 		.ascii	"gpioPrtCfgInOffset\000"
 1586      50727443 
 1586      6667496E 
 1586      4F666673 
 1586      657400
 1587              	.LASF104:
 1588 004b 6970634C 		.ascii	"ipcLockStatusOffset\000"
 1588      6F636B53 
 1588      74617475 
 1588      734F6666 
 1588      73657400 
 1589              	.LASF30:
 1590 005f 63727970 		.ascii	"cryptoVersion\000"
 1590      746F5665 
 1590      7273696F 
 1590      6E00
 1591              	.LASF68:
 1592 006d 64774368 		.ascii	"dwChCtlPrioPos\000"
ARM GAS  C:\Users\adris\AppData\Local\Temp\ccJEeaOu.s 			page 32


 1592      43746C50 
 1592      72696F50 
 1592      6F7300
 1593              	.LASF26:
 1594 007c 70617373 		.ascii	"passBase\000"
 1594      42617365 
 1594      00
 1595              	.LASF183:
 1596 0085 6D61696E 		.ascii	"main_cm0p.c\000"
 1596      5F636D30 
 1596      702E6300 
 1597              	.LASF75:
 1598 0091 70657269 		.ascii	"periTrGrSize\000"
 1598      54724772 
 1598      53697A65 
 1598      00
 1599              	.LASF39:
 1600 009e 63707573 		.ascii	"cpussIpcIrqNr\000"
 1600      73497063 
 1600      4972714E 
 1600      7200
 1601              	.LASF3:
 1602 00ac 5F5F7569 		.ascii	"__uint8_t\000"
 1602      6E74385F 
 1602      7400
 1603              	.LASF125:
 1604 00b6 736C6176 		.ascii	"slaveStatus\000"
 1604      65537461 
 1604      74757300 
 1605              	.LASF184:
 1606 00c2 433A5C55 		.ascii	"C:\\Users\\adris\\OneDrive\\Documentos\\GitHub\\Tra"
 1606      73657273 
 1606      5C616472 
 1606      69735C4F 
 1606      6E654472 
 1607 00ef 62616A6F 		.ascii	"bajo_micros\\Trabajo_micros\\Trabajo_micros_workspa"
 1607      5F6D6963 
 1607      726F735C 
 1607      54726162 
 1607      616A6F5F 
 1608 0120 63655C54 		.ascii	"ce\\Trabajo_v01.cydsn\000"
 1608      72616261 
 1608      6A6F5F76 
 1608      30312E63 
 1608      7964736E 
 1609              	.LASF90:
 1610 0135 63707573 		.ascii	"cpussCm4ClockCtlOffset\000"
 1610      73436D34 
 1610      436C6F63 
 1610      6B43746C 
 1610      4F666673 
 1611              	.LASF180:
 1612 014c 436F756E 		.ascii	"Counter_3_config\000"
 1612      7465725F 
 1612      335F636F 
 1612      6E666967 
 1612      00
ARM GAS  C:\Users\adris\AppData\Local\Temp\ccJEeaOu.s 			page 33


 1613              	.LASF170:
 1614 015d 73746F70 		.ascii	"stopInputMode\000"
 1614      496E7075 
 1614      744D6F64 
 1614      6500
 1615              	.LASF19:
 1616 016b 63707573 		.ascii	"cpussBase\000"
 1616      73426173 
 1616      6500
 1617              	.LASF155:
 1618 0175 70657269 		.ascii	"period\000"
 1618      6F6400
 1619              	.LASF48:
 1620 017c 70657269 		.ascii	"periClockNr\000"
 1620      436C6F63 
 1620      6B4E7200 
 1621              	.LASF165:
 1622 0188 63617074 		.ascii	"captureInput\000"
 1622      75726549 
 1622      6E707574 
 1622      00
 1623              	.LASF11:
 1624 0195 6C6F6E67 		.ascii	"long long unsigned int\000"
 1624      206C6F6E 
 1624      6720756E 
 1624      7369676E 
 1624      65642069 
 1625              	.LASF156:
 1626 01ac 636C6F63 		.ascii	"clockPrescaler\000"
 1626      6B507265 
 1626      7363616C 
 1626      657200
 1627              	.LASF72:
 1628 01bb 70657269 		.ascii	"periTrCmdOffset\000"
 1628      5472436D 
 1628      644F6666 
 1628      73657400 
 1629              	.LASF142:
 1630 01cb 72785269 		.ascii	"rxRingBuf\000"
 1630      6E674275 
 1630      6600
 1631              	.LASF96:
 1632 01d5 63707573 		.ascii	"cpussSysTickCtlOffset\000"
 1632      73537973 
 1632      5469636B 
 1632      43746C4F 
 1632      66667365 
 1633              	.LASF118:
 1634 01eb 6D617374 		.ascii	"masterStatus\000"
 1634      65725374 
 1634      61747573 
 1634      00
 1635              	.LASF149:
 1636 01f8 74784275 		.ascii	"txBuf\000"
 1636      6600
 1637              	.LASF57:
 1638 01fe 666C6173 		.ascii	"flashPipeRequired\000"
ARM GAS  C:\Users\adris\AppData\Local\Temp\ccJEeaOu.s 			page 34


 1638      68506970 
 1638      65526571 
 1638      75697265 
 1638      6400
 1639              	.LASF133:
 1640 0210 736C6176 		.ascii	"slaveRxBufferIdx\000"
 1640      65527842 
 1640      75666665 
 1640      72496478 
 1640      00
 1641              	.LASF138:
 1642 0221 63795F73 		.ascii	"cy_stc_scb_i2c_context\000"
 1642      74635F73 
 1642      63625F69 
 1642      32635F63 
 1642      6F6E7465 
 1643              	.LASF61:
 1644 0238 666C6173 		.ascii	"flashCtlMainWs0Freq\000"
 1644      6843746C 
 1644      4D61696E 
 1644      57733046 
 1644      72657100 
 1645              	.LASF14:
 1646 024c 696E7431 		.ascii	"int16_t\000"
 1646      365F7400 
 1647              	.LASF10:
 1648 0254 6C6F6E67 		.ascii	"long long int\000"
 1648      206C6F6E 
 1648      6720696E 
 1648      7400
 1649              	.LASF174:
 1650 0262 63795F73 		.ascii	"cy_stc_tcpwm_counter_config_t\000"
 1650      74635F74 
 1650      6370776D 
 1650      5F636F75 
 1650      6E746572 
 1651              	.LASF77:
 1652 0280 70657269 		.ascii	"periDivCmdTypeSelPos\000"
 1652      44697643 
 1652      6D645479 
 1652      70655365 
 1652      6C506F73 
 1653              	.LASF23:
 1654 0295 70726F74 		.ascii	"protBase\000"
 1654      42617365 
 1654      00
 1655              	.LASF35:
 1656 029e 69706356 		.ascii	"ipcVersion\000"
 1656      65727369 
 1656      6F6E00
 1657              	.LASF132:
 1658 02a9 736C6176 		.ascii	"slaveRxBufferSize\000"
 1658      65527842 
 1658      75666665 
 1658      7253697A 
 1658      6500
 1659              	.LASF97:
ARM GAS  C:\Users\adris\AppData\Local\Temp\ccJEeaOu.s 			page 35


 1660 02bb 63707573 		.ascii	"cpussCm0NmiCtlOffset\000"
 1660      73436D30 
 1660      4E6D6943 
 1660      746C4F66 
 1660      66736574 
 1661              	.LASF45:
 1662 02d0 73727373 		.ascii	"srssNumClkpath\000"
 1662      4E756D43 
 1662      6C6B7061 
 1662      746800
 1663              	.LASF24:
 1664 02df 6873696F 		.ascii	"hsiomBase\000"
 1664      6D426173 
 1664      6500
 1665              	.LASF117:
 1666 02e9 73746174 		.ascii	"state\000"
 1666      6500
 1667              	.LASF113:
 1668 02ef 63795F63 		.ascii	"cy_cb_scb_i2c_handle_events_t\000"
 1668      625F7363 
 1668      625F6932 
 1668      635F6861 
 1668      6E646C65 
 1669              	.LASF7:
 1670 030d 6C6F6E67 		.ascii	"long int\000"
 1670      20696E74 
 1670      00
 1671              	.LASF176:
 1672 0316 55415254 		.ascii	"UART_1_context\000"
 1672      5F315F63 
 1672      6F6E7465 
 1672      787400
 1673              	.LASF120:
 1674 0325 6D617374 		.ascii	"masterRdDir\000"
 1674      65725264 
 1674      44697200 
 1675              	.LASF111:
 1676 0331 43595F53 		.ascii	"CY_SCB_I2C_NAK\000"
 1676      43425F49 
 1676      32435F4E 
 1676      414B00
 1677              	.LASF55:
 1678 0340 63727970 		.ascii	"cryptoMemSize\000"
 1678      746F4D65 
 1678      6D53697A 
 1678      6500
 1679              	.LASF21:
 1680 034e 70657269 		.ascii	"periBase\000"
 1680      42617365 
 1680      00
 1681              	.LASF53:
 1682 0357 73797350 		.ascii	"sysPmSimoPresent\000"
 1682      6D53696D 
 1682      6F507265 
 1682      73656E74 
 1682      00
 1683              	.LASF43:
ARM GAS  C:\Users\adris\AppData\Local\Temp\ccJEeaOu.s 			page 36


 1684 0368 63707573 		.ascii	"cpussFmIrq\000"
 1684      73466D49 
 1684      727100
 1685              	.LASF108:
 1686 0373 646F7562 		.ascii	"double\000"
 1686      6C6500
 1687              	.LASF82:
 1688 037a 70657269 		.ascii	"periDiv16_5CtlOffset\000"
 1688      44697631 
 1688      365F3543 
 1688      746C4F66 
 1688      66736574 
 1689              	.LASF46:
 1690 038f 73727373 		.ascii	"srssNumPll\000"
 1690      4E756D50 
 1690      6C6C00
 1691              	.LASF186:
 1692 039a 6D61696E 		.ascii	"main\000"
 1692      00
 1693              	.LASF164:
 1694 039f 63617074 		.ascii	"captureInputMode\000"
 1694      75726549 
 1694      6E707574 
 1694      4D6F6465 
 1694      00
 1695              	.LASF80:
 1696 03b0 70657269 		.ascii	"periDiv8CtlOffset\000"
 1696      44697638 
 1696      43746C4F 
 1696      66667365 
 1696      7400
 1697              	.LASF87:
 1698 03c2 6770696F 		.ascii	"gpioPrtCfgOutOffset\000"
 1698      50727443 
 1698      66674F75 
 1698      744F6666 
 1698      73657400 
 1699              	.LASF135:
 1700 03d6 63624164 		.ascii	"cbAddr\000"
 1700      647200
 1701              	.LASF181:
 1702 03dd 4932435F 		.ascii	"I2C_1_context\000"
 1702      315F636F 
 1702      6E746578 
 1702      7400
 1703              	.LASF8:
 1704 03eb 5F5F7569 		.ascii	"__uint32_t\000"
 1704      6E743332 
 1704      5F7400
 1705              	.LASF50:
 1706 03f6 70617373 		.ascii	"passSarChannels\000"
 1706      53617243 
 1706      68616E6E 
 1706      656C7300 
 1707              	.LASF4:
 1708 0406 5F5F696E 		.ascii	"__int16_t\000"
 1708      7431365F 
ARM GAS  C:\Users\adris\AppData\Local\Temp\ccJEeaOu.s 			page 37


 1708      7400
 1709              	.LASF148:
 1710 0410 72784275 		.ascii	"rxBufIdx\000"
 1710      66496478 
 1710      00
 1711              	.LASF93:
 1712 0419 63707573 		.ascii	"cpussCm4PwrCtlOffset\000"
 1712      73436D34 
 1712      50777243 
 1712      746C4F66 
 1712      66736574 
 1713              	.LASF150:
 1714 042e 74784275 		.ascii	"txBufSize\000"
 1714      6653697A 
 1714      6500
 1715              	.LASF163:
 1716 0438 696E7465 		.ascii	"interruptSources\000"
 1716      72727570 
 1716      74536F75 
 1716      72636573 
 1716      00
 1717              	.LASF88:
 1718 0449 6770696F 		.ascii	"gpioPrtCfgSioOffset\000"
 1718      50727443 
 1718      66675369 
 1718      6F4F6666 
 1718      73657400 
 1719              	.LASF40:
 1720 045d 63707573 		.ascii	"cpussDwChNr\000"
 1720      73447743 
 1720      684E7200 
 1721              	.LASF12:
 1722 0469 756E7369 		.ascii	"unsigned int\000"
 1722      676E6564 
 1722      20696E74 
 1722      00
 1723              	.LASF129:
 1724 0476 736C6176 		.ascii	"slaveTxBufferIdx\000"
 1724      65547842 
 1724      75666665 
 1724      72496478 
 1724      00
 1725              	.LASF15:
 1726 0487 75696E74 		.ascii	"uint16_t\000"
 1726      31365F74 
 1726      00
 1727              	.LASF126:
 1728 0490 736C6176 		.ascii	"slaveRdBufEmpty\000"
 1728      65526442 
 1728      7566456D 
 1728      70747900 
 1729              	.LASF73:
 1730 04a0 70657269 		.ascii	"periTrCmdGrSelMsk\000"
 1730      5472436D 
 1730      64477253 
 1730      656C4D73 
 1730      6B00
ARM GAS  C:\Users\adris\AppData\Local\Temp\ccJEeaOu.s 			page 38


 1731              	.LASF62:
 1732 04b2 666C6173 		.ascii	"flashCtlMainWs1Freq\000"
 1732      6843746C 
 1732      4D61696E 
 1732      57733146 
 1732      72657100 
 1733              	.LASF9:
 1734 04c6 6C6F6E67 		.ascii	"long unsigned int\000"
 1734      20756E73 
 1734      69676E65 
 1734      6420696E 
 1734      7400
 1735              	.LASF162:
 1736 04d8 656E6162 		.ascii	"enableCompareSwap\000"
 1736      6C65436F 
 1736      6D706172 
 1736      65537761 
 1736      7000
 1737              	.LASF137:
 1738 04ea 63795F63 		.ascii	"cy_cb_scb_uart_handle_events_t\000"
 1738      625F7363 
 1738      625F7561 
 1738      72745F68 
 1738      616E646C 
 1739              	.LASF38:
 1740 0509 63707573 		.ascii	"cpussIpcNr\000"
 1740      73497063 
 1740      4E7200
 1741              	.LASF178:
 1742 0514 436F756E 		.ascii	"Counter_2_config\000"
 1742      7465725F 
 1742      325F636F 
 1742      6E666967 
 1742      00
 1743              	.LASF25:
 1744 0525 6770696F 		.ascii	"gpioBase\000"
 1744      42617365 
 1744      00
 1745              	.LASF140:
 1746 052e 74785374 		.ascii	"txStatus\000"
 1746      61747573 
 1746      00
 1747              	.LASF116:
 1748 0537 75736554 		.ascii	"useTxFifo\000"
 1748      78466966 
 1748      6F00
 1749              	.LASF74:
 1750 0541 70657269 		.ascii	"periTrGrOffset\000"
 1750      54724772 
 1750      4F666673 
 1750      657400
 1751              	.LASF101:
 1752 0550 63707573 		.ascii	"cpussRam1Ctl0\000"
 1752      7352616D 
 1752      3143746C 
 1752      3000
 1753              	.LASF134:
ARM GAS  C:\Users\adris\AppData\Local\Temp\ccJEeaOu.s 			page 39


 1754 055e 63624576 		.ascii	"cbEvents\000"
 1754      656E7473 
 1754      00
 1755              	.LASF158:
 1756 0567 636F756E 		.ascii	"countDirection\000"
 1756      74446972 
 1756      65637469 
 1756      6F6E00
 1757              	.LASF187:
 1758 0576 43795F53 		.ascii	"Cy_SysEnableCM4\000"
 1758      7973456E 
 1758      61626C65 
 1758      434D3400 
 1759              	.LASF33:
 1760 0586 6770696F 		.ascii	"gpioVersion\000"
 1760      56657273 
 1760      696F6E00 
 1761              	.LASF105:
 1762 0592 63795F73 		.ascii	"cy_stc_device_t\000"
 1762      74635F64 
 1762      65766963 
 1762      655F7400 
 1763              	.LASF51:
 1764 05a2 65704D6F 		.ascii	"epMonitorNr\000"
 1764      6E69746F 
 1764      724E7200 
 1765              	.LASF144:
 1766 05ae 72785269 		.ascii	"rxRingBufHead\000"
 1766      6E674275 
 1766      66486561 
 1766      6400
 1767              	.LASF94:
 1768 05bc 63707573 		.ascii	"cpussTrimRamCtlOffset\000"
 1768      73547269 
 1768      6D52616D 
 1768      43746C4F 
 1768      66667365 
 1769              	.LASF131:
 1770 05d2 736C6176 		.ascii	"slaveRxBuffer\000"
 1770      65527842 
 1770      75666665 
 1770      7200
 1771              	.LASF169:
 1772 05e0 73746172 		.ascii	"startInput\000"
 1772      74496E70 
 1772      757400
 1773              	.LASF29:
 1774 05eb 63707573 		.ascii	"cpussVersion\000"
 1774      73566572 
 1774      73696F6E 
 1774      00
 1775              	.LASF36:
 1776 05f8 70657269 		.ascii	"periVersion\000"
 1776      56657273 
 1776      696F6E00 
 1777              	.LASF92:
 1778 0604 63707573 		.ascii	"cpussCm0StatusOffset\000"
ARM GAS  C:\Users\adris\AppData\Local\Temp\ccJEeaOu.s 			page 40


 1778      73436D30 
 1778      53746174 
 1778      75734F66 
 1778      66736574 
 1779              	.LASF154:
 1780 0619 63795F73 		.ascii	"cy_stc_tcpwm_counter_config\000"
 1780      74635F74 
 1780      6370776D 
 1780      5F636F75 
 1780      6E746572 
 1781              	.LASF17:
 1782 0635 73697A65 		.ascii	"sizetype\000"
 1782      74797065 
 1782      00
 1783              	.LASF66:
 1784 063e 64774368 		.ascii	"dwChOffset\000"
 1784      4F666673 
 1784      657400
 1785              	.LASF123:
 1786 0649 6D617374 		.ascii	"masterBufferIdx\000"
 1786      65724275 
 1786      66666572 
 1786      49647800 
 1787              	.LASF41:
 1788 0659 63707573 		.ascii	"cpussFlashPaSize\000"
 1788      73466C61 
 1788      73685061 
 1788      53697A65 
 1788      00
 1789              	.LASF79:
 1790 066a 70657269 		.ascii	"periDivCmdPaTypeSelPos\000"
 1790      44697643 
 1790      6D645061 
 1790      54797065 
 1790      53656C50 
 1791              	.LASF102:
 1792 0681 63707573 		.ascii	"cpussRam2Ctl0\000"
 1792      7352616D 
 1792      3243746C 
 1792      3000
 1793              	.LASF70:
 1794 068f 64775374 		.ascii	"dwStatusChIdxPos\000"
 1794      61747573 
 1794      43684964 
 1794      78506F73 
 1794      00
 1795              	.LASF52:
 1796 06a0 75646250 		.ascii	"udbPresent\000"
 1796      72657365 
 1796      6E7400
 1797              	.LASF141:
 1798 06ab 72785374 		.ascii	"rxStatus\000"
 1798      61747573 
 1798      00
 1799              	.LASF32:
 1800 06b4 666C6173 		.ascii	"flashcVersion\000"
 1800      68635665 
ARM GAS  C:\Users\adris\AppData\Local\Temp\ccJEeaOu.s 			page 41


 1800      7273696F 
 1800      6E00
 1801              	.LASF28:
 1802 06c2 63727970 		.ascii	"cryptoBase\000"
 1802      746F4261 
 1802      736500
 1803              	.LASF49:
 1804 06cd 736D6966 		.ascii	"smifDeviceNr\000"
 1804      44657669 
 1804      63654E72 
 1804      00
 1805              	.LASF185:
 1806 06da 5F5F656E 		.ascii	"__enable_irq\000"
 1806      61626C65 
 1806      5F697271 
 1806      00
 1807              	.LASF153:
 1808 06e7 63795F73 		.ascii	"cy_stc_scb_uart_context_t\000"
 1808      74635F73 
 1808      63625F75 
 1808      6172745F 
 1808      636F6E74 
 1809              	.LASF107:
 1810 0701 666C6F61 		.ascii	"float\000"
 1810      7400
 1811              	.LASF71:
 1812 0707 64775374 		.ascii	"dwStatusChIdxMsk\000"
 1812      61747573 
 1812      43684964 
 1812      784D736B 
 1812      00
 1813              	.LASF175:
 1814 0718 63795F64 		.ascii	"cy_device\000"
 1814      65766963 
 1814      6500
 1815              	.LASF99:
 1816 0722 63707573 		.ascii	"cpussRomCtl\000"
 1816      73526F6D 
 1816      43746C00 
 1817              	.LASF69:
 1818 072e 64774368 		.ascii	"dwChCtlPreemptablePos\000"
 1818      43746C50 
 1818      7265656D 
 1818      70746162 
 1818      6C65506F 
 1819              	.LASF151:
 1820 0744 74784C65 		.ascii	"txLeftToTransmit\000"
 1820      6674546F 
 1820      5472616E 
 1820      736D6974 
 1820      00
 1821              	.LASF22:
 1822 0755 75646242 		.ascii	"udbBase\000"
 1822      61736500 
 1823              	.LASF110:
 1824 075d 43595F53 		.ascii	"CY_SCB_I2C_ACK\000"
 1824      43425F49 
ARM GAS  C:\Users\adris\AppData\Local\Temp\ccJEeaOu.s 			page 42


 1824      32435F41 
 1824      434B00
 1825              	.LASF109:
 1826 076c 5F426F6F 		.ascii	"_Bool\000"
 1826      6C00
 1827              	.LASF1:
 1828 0772 756E7369 		.ascii	"unsigned char\000"
 1828      676E6564 
 1828      20636861 
 1828      7200
 1829              	.LASF65:
 1830 0780 666C6173 		.ascii	"flashCtlMainWs4Freq\000"
 1830      6843746C 
 1830      4D61696E 
 1830      57733446 
 1830      72657100 
 1831              	.LASF83:
 1832 0794 70657269 		.ascii	"periDiv24_5CtlOffset\000"
 1832      44697632 
 1832      345F3543 
 1832      746C4F66 
 1832      66736574 
 1833              	.LASF0:
 1834 07a9 73686F72 		.ascii	"short int\000"
 1834      7420696E 
 1834      7400
 1835              	.LASF177:
 1836 07b3 436F756E 		.ascii	"Counter_1_config\000"
 1836      7465725F 
 1836      315F636F 
 1836      6E666967 
 1836      00
 1837              	.LASF122:
 1838 07c4 6D617374 		.ascii	"masterBufferSize\000"
 1838      65724275 
 1838      66666572 
 1838      53697A65 
 1838      00
 1839              	.LASF76:
 1840 07d5 70657269 		.ascii	"periDivCmdDivSelMsk\000"
 1840      44697643 
 1840      6D644469 
 1840      7653656C 
 1840      4D736B00 
 1841              	.LASF63:
 1842 07e9 666C6173 		.ascii	"flashCtlMainWs2Freq\000"
 1842      6843746C 
 1842      4D61696E 
 1842      57733246 
 1842      72657100 
 1843              	.LASF119:
 1844 07fd 6D617374 		.ascii	"masterPause\000"
 1844      65725061 
 1844      75736500 
 1845              	.LASF114:
 1846 0809 63795F63 		.ascii	"cy_cb_scb_i2c_handle_addr_t\000"
 1846      625F7363 
ARM GAS  C:\Users\adris\AppData\Local\Temp\ccJEeaOu.s 			page 43


 1846      625F6932 
 1846      635F6861 
 1846      6E646C65 
 1847              	.LASF20:
 1848 0825 666C6173 		.ascii	"flashcBase\000"
 1848      68634261 
 1848      736500
 1849              	.LASF159:
 1850 0830 636F6D70 		.ascii	"compareOrCapture\000"
 1850      6172654F 
 1850      72436170 
 1850      74757265 
 1850      00
 1851              	.LASF124:
 1852 0841 6D617374 		.ascii	"masterNumBytes\000"
 1852      65724E75 
 1852      6D427974 
 1852      657300
 1853              	.LASF130:
 1854 0850 736C6176 		.ascii	"slaveTxBufferCnt\000"
 1854      65547842 
 1854      75666665 
 1854      72436E74 
 1854      00
 1855              	.LASF60:
 1856 0861 666C6173 		.ascii	"flashEraseDelay\000"
 1856      68457261 
 1856      73654465 
 1856      6C617900 
 1857              	.LASF16:
 1858 0871 75696E74 		.ascii	"uint32_t\000"
 1858      33325F74 
 1858      00
 1859              	.LASF136:
 1860 087a 63795F73 		.ascii	"cy_stc_scb_i2c_context_t\000"
 1860      74635F73 
 1860      63625F69 
 1860      32635F63 
 1860      6F6E7465 
 1861              	.LASF182:
 1862 0893 474E5520 		.ascii	"GNU C11 5.4.1 20160609 (release) [ARM/embedded-5-br"
 1862      43313120 
 1862      352E342E 
 1862      31203230 
 1862      31363036 
 1863 08c6 616E6368 		.ascii	"anch revision 237715] -mcpu=cortex-m0plus -mthumb -"
 1863      20726576 
 1863      6973696F 
 1863      6E203233 
 1863      37373135 
 1864 08f9 67202D4F 		.ascii	"g -Og -ffunction-sections -ffat-lto-objects\000"
 1864      67202D66 
 1864      66756E63 
 1864      74696F6E 
 1864      2D736563 
 1865              	.LASF160:
 1866 0925 636F6D70 		.ascii	"compare0\000"
ARM GAS  C:\Users\adris\AppData\Local\Temp\ccJEeaOu.s 			page 44


 1866      61726530 
 1866      00
 1867              	.LASF18:
 1868 092e 6C6F6E67 		.ascii	"long double\000"
 1868      20646F75 
 1868      626C6500 
 1869              	.LASF106:
 1870 093a 63686172 		.ascii	"char\000"
 1870      00
 1871              	.LASF173:
 1872 093f 636F756E 		.ascii	"countInput\000"
 1872      74496E70 
 1872      757400
 1873              	.LASF37:
 1874 094a 70726F74 		.ascii	"protVersion\000"
 1874      56657273 
 1874      696F6E00 
 1875              	.LASF100:
 1876 0956 63707573 		.ascii	"cpussRam0Ctl0\000"
 1876      7352616D 
 1876      3043746C 
 1876      3000
 1877              	.LASF2:
 1878 0964 7369676E 		.ascii	"signed char\000"
 1878      65642063 
 1878      68617200 
 1879              	.LASF5:
 1880 0970 5F5F7569 		.ascii	"__uint16_t\000"
 1880      6E743136 
 1880      5F7400
 1881              	.LASF81:
 1882 097b 70657269 		.ascii	"periDiv16CtlOffset\000"
 1882      44697631 
 1882      3643746C 
 1882      4F666673 
 1882      657400
 1883              	.LASF121:
 1884 098e 6D617374 		.ascii	"masterBuffer\000"
 1884      65724275 
 1884      66666572 
 1884      00
 1885              	.LASF34:
 1886 099b 6873696F 		.ascii	"hsiomVersion\000"
 1886      6D566572 
 1886      73696F6E 
 1886      00
 1887              	.LASF59:
 1888 09a8 666C6173 		.ascii	"flashProgramDelay\000"
 1888      6850726F 
 1888      6772616D 
 1888      44656C61 
 1888      7900
 1889              	.LASF44:
 1890 09ba 63707573 		.ascii	"cpussNotConnectedIrq\000"
 1890      734E6F74 
 1890      436F6E6E 
 1890      65637465 
ARM GAS  C:\Users\adris\AppData\Local\Temp\ccJEeaOu.s 			page 45


 1890      64497271 
 1891              	.LASF143:
 1892 09cf 72785269 		.ascii	"rxRingBufSize\000"
 1892      6E674275 
 1892      6653697A 
 1892      6500
 1893              	.LASF167:
 1894 09dd 72656C6F 		.ascii	"reloadInput\000"
 1894      6164496E 
 1894      70757400 
 1895              	.LASF6:
 1896 09e9 73686F72 		.ascii	"short unsigned int\000"
 1896      7420756E 
 1896      7369676E 
 1896      65642069 
 1896      6E7400
 1897              	.LASF67:
 1898 09fc 64774368 		.ascii	"dwChSize\000"
 1898      53697A65 
 1898      00
 1899              	.LASF171:
 1900 0a05 73746F70 		.ascii	"stopInput\000"
 1900      496E7075 
 1900      7400
 1901              	.LASF103:
 1902 0a0f 69706353 		.ascii	"ipcStructSize\000"
 1902      74727563 
 1902      7453697A 
 1902      6500
 1903              	.LASF115:
 1904 0a1d 75736552 		.ascii	"useRxFifo\000"
 1904      78466966 
 1904      6F00
 1905              	.LASF168:
 1906 0a27 73746172 		.ascii	"startInputMode\000"
 1906      74496E70 
 1906      75744D6F 
 1906      646500
 1907              	.LASF42:
 1908 0a36 63707573 		.ascii	"cpussIpc0Irq\000"
 1908      73497063 
 1908      30497271 
 1908      00
 1909              	.LASF161:
 1910 0a43 636F6D70 		.ascii	"compare1\000"
 1910      61726531 
 1910      00
 1911              	.LASF89:
 1912 0a4c 63707573 		.ascii	"cpussCm0ClockCtlOffset\000"
 1912      73436D30 
 1912      436C6F63 
 1912      6B43746C 
 1912      4F666673 
 1913              	.LASF85:
 1914 0a63 6770696F 		.ascii	"gpioPrtCfgOffset\000"
 1914      50727443 
 1914      66674F66 
ARM GAS  C:\Users\adris\AppData\Local\Temp\ccJEeaOu.s 			page 46


 1914      66736574 
 1914      00
 1915              	.LASF152:
 1916 0a74 696E6974 		.ascii	"initKey\000"
 1916      4B657900 
 1917              	.LASF146:
 1918 0a7c 72784275 		.ascii	"rxBuf\000"
 1918      6600
 1919              	.LASF127:
 1920 0a82 736C6176 		.ascii	"slaveTxBuffer\000"
 1920      65547842 
 1920      75666665 
 1920      7200
 1921              	.LASF128:
 1922 0a90 736C6176 		.ascii	"slaveTxBufferSize\000"
 1922      65547842 
 1922      75666665 
 1922      7253697A 
 1922      6500
 1923              	.LASF179:
 1924 0aa2 4465626F 		.ascii	"Debouncer_CLK_config\000"
 1924      756E6365 
 1924      725F434C 
 1924      4B5F636F 
 1924      6E666967 
 1925              	.LASF47:
 1926 0ab7 73727373 		.ascii	"srssNumHfroot\000"
 1926      4E756D48 
 1926      66726F6F 
 1926      7400
 1927              	.LASF112:
 1928 0ac5 63795F65 		.ascii	"cy_en_scb_i2c_command_t\000"
 1928      6E5F7363 
 1928      625F6932 
 1928      635F636F 
 1928      6D6D616E 
 1929              	.LASF98:
 1930 0add 63707573 		.ascii	"cpussCm4NmiCtlOffset\000"
 1930      73436D34 
 1930      4E6D6943 
 1930      746C4F66 
 1930      66736574 
 1931              	.LASF58:
 1932 0af2 666C6173 		.ascii	"flashWriteDelay\000"
 1932      68577269 
 1932      74654465 
 1932      6C617900 
 1933              	.LASF13:
 1934 0b02 75696E74 		.ascii	"uint8_t\000"
 1934      385F7400 
 1935              	.LASF91:
 1936 0b0a 63707573 		.ascii	"cpussCm4StatusOffset\000"
 1936      73436D34 
 1936      53746174 
 1936      75734F66 
 1936      66736574 
 1937              	.LASF84:
ARM GAS  C:\Users\adris\AppData\Local\Temp\ccJEeaOu.s 			page 47


 1938 0b1f 6770696F 		.ascii	"gpioPrtIntrCfgOffset\000"
 1938      50727449 
 1938      6E747243 
 1938      66674F66 
 1938      66736574 
 1939              	.LASF166:
 1940 0b34 72656C6F 		.ascii	"reloadInputMode\000"
 1940      6164496E 
 1940      7075744D 
 1940      6F646500 
 1941              	.LASF145:
 1942 0b44 72785269 		.ascii	"rxRingBufTail\000"
 1942      6E674275 
 1942      66546169 
 1942      6C00
 1943              	.LASF95:
 1944 0b52 63707573 		.ascii	"cpussTrimRomCtlOffset\000"
 1944      73547269 
 1944      6D526F6D 
 1944      43746C4F 
 1944      66667365 
 1945              	.LASF172:
 1946 0b68 636F756E 		.ascii	"countInputMode\000"
 1946      74496E70 
 1946      75744D6F 
 1946      646500
 1947              	.LASF31:
 1948 0b77 64775665 		.ascii	"dwVersion\000"
 1948      7273696F 
 1948      6E00
 1949              	.LASF27:
 1950 0b81 69706342 		.ascii	"ipcBase\000"
 1950      61736500 
 1951              	.LASF78:
 1952 0b89 70657269 		.ascii	"periDivCmdPaDivSelPos\000"
 1952      44697643 
 1952      6D645061 
 1952      44697653 
 1952      656C506F 
 1953              	.LASF139:
 1954 0b9f 63795F73 		.ascii	"cy_stc_scb_uart_context\000"
 1954      74635F73 
 1954      63625F75 
 1954      6172745F 
 1954      636F6E74 
 1955              	.LASF56:
 1956 0bb7 666C6173 		.ascii	"flashRwwRequired\000"
 1956      68527777 
 1956      52657175 
 1956      69726564 
 1956      00
 1957              		.ident	"GCC: (GNU Tools for ARM Embedded Processors) 5.4.1 20160609 (release) [ARM/embedded-5-bran
